Release 14.7 - xst P.20131013 (nt64)
Copyright (c) 1995-2013 Xilinx, Inc.  All rights reserved.
--> Parameter TMPDIR set to xst/projnav.tmp


Total REAL time to Xst completion: 1.00 secs
Total CPU time to Xst completion: 0.95 secs
 
--> Parameter xsthdpdir set to xst


Total REAL time to Xst completion: 1.00 secs
Total CPU time to Xst completion: 0.97 secs
 
--> Reading design: main_spi_sleva.prj

TABLE OF CONTENTS
  1) Synthesis Options Summary
  2) HDL Parsing
  3) HDL Elaboration
  4) HDL Synthesis
       4.1) HDL Synthesis Report
  5) Advanced HDL Synthesis
       5.1) Advanced HDL Synthesis Report
  6) Low Level Synthesis
  7) Partition Report
  8) Design Summary
       8.1) Primitive and Black Box Usage
       8.2) Device utilization summary
       8.3) Partition Resource Summary
       8.4) Timing Report
            8.4.1) Clock Information
            8.4.2) Asynchronous Control Signals Information
            8.4.3) Timing Summary
            8.4.4) Timing Details
            8.4.5) Cross Clock Domains Report


=========================================================================
*                      Synthesis Options Summary                        *
=========================================================================
---- Source Parameters
Input File Name                    : "main_spi_sleva.prj"
Ignore Synthesis Constraint File   : NO

---- Target Parameters
Output File Name                   : "main_spi_sleva"
Output Format                      : NGC
Target Device                      : xc6slx9-2-tqg144

---- Source Options
Top Module Name                    : main_spi_sleva
Automatic FSM Extraction           : YES
FSM Encoding Algorithm             : Auto
Safe Implementation                : No
FSM Style                          : LUT
RAM Extraction                     : Yes
RAM Style                          : Auto
ROM Extraction                     : Yes
Shift Register Extraction          : YES
ROM Style                          : Auto
Resource Sharing                   : YES
Asynchronous To Synchronous        : NO
Shift Register Minimum Size        : 2
Use DSP Block                      : Auto
Automatic Register Balancing       : No

---- Target Options
LUT Combining                      : Auto
Reduce Control Sets                : Auto
Add IO Buffers                     : YES
Global Maximum Fanout              : 100000
Add Generic Clock Buffer(BUFG)     : 16
Register Duplication               : YES
Optimize Instantiated Primitives   : NO
Use Clock Enable                   : Auto
Use Synchronous Set                : Auto
Use Synchronous Reset              : Auto
Pack IO Registers into IOBs        : Auto
Equivalent register Removal        : YES

---- General Options
Optimization Goal                  : Speed
Optimization Effort                : 1
Power Reduction                    : NO
Keep Hierarchy                     : No
Netlist Hierarchy                  : As_Optimized
RTL Output                         : Yes
Global Optimization                : AllClockNets
Read Cores                         : YES
Write Timing Constraints           : NO
Cross Clock Analysis               : NO
Hierarchy Separator                : /
Bus Delimiter                      : <>
Case Specifier                     : Maintain
Slice Utilization Ratio            : 100
BRAM Utilization Ratio             : 100
DSP48 Utilization Ratio            : 100
Auto BRAM Packing                  : NO
Slice Utilization Ratio Delta      : 5

=========================================================================


=========================================================================
*                          HDL Parsing                                  *
=========================================================================
Parsing VHDL file "E:\FileProject\ISE Project\SPI_Sleva\Multiplexer16To4.vhd" into library work
Parsing entity <Multiplexer16To4>.
Parsing architecture <Behavioral> of entity <multiplexer16to4>.
Parsing VHDL file "E:\FileProject\ISE Project\SPI_Sleva\Decoder2To4.vhd" into library work
Parsing entity <Decoder>.
Parsing architecture <Behavioral> of entity <decoder>.
Parsing VHDL file "E:\FileProject\ISE Project\SPI_Sleva\Counter.vhd" into library work
Parsing entity <Counter>.
Parsing architecture <Behavioral> of entity <counter>.
Parsing VHDL file "E:\FileProject\ISE Project\SPI_Sleva\BcdTo7Segment.vhd" into library work
Parsing entity <BcdTo7Segment>.
Parsing architecture <Behavioral> of entity <bcdto7segment>.
Parsing VHDL file "E:\FileProject\ISE Project\SPI_Sleva\spi_sleva.vhd" into library work
Parsing entity <spi_sleva>.
Parsing architecture <Behavioral> of entity <spi_sleva>.
Parsing VHDL file "E:\FileProject\ISE Project\SPI_Sleva\NumberTo7Segment.vhd" into library work
Parsing entity <NumberTo7Segment>.
Parsing architecture <Behavioral> of entity <numberto7segment>.
Parsing VHDL file "E:\FileProject\ISE Project\SPI_Sleva\main_spi_sleva.vhd" into library work
Parsing entity <main_spi_sleva>.
Parsing architecture <Behavioral> of entity <main_spi_sleva>.

=========================================================================
*                            HDL Elaboration                            *
=========================================================================

Elaborating entity <main_spi_sleva> (architecture <Behavioral>) from library <work>.

Elaborating entity <NumberTo7Segment> (architecture <Behavioral>) from library <work>.

Elaborating entity <BcdTo7Segment> (architecture <Behavioral>) from library <work>.
INFO:HDLCompiler:679 - "E:\FileProject\ISE Project\SPI_Sleva\BcdTo7Segment.vhd" Line 32. Case statement is complete. others clause is never selected

Elaborating entity <Multiplexer16To4> (architecture <Behavioral>) from library <work>.

Elaborating entity <Decoder> (architecture <Behavioral>) from library <work>.
INFO:HDLCompiler:679 - "E:\FileProject\ISE Project\SPI_Sleva\Decoder2To4.vhd" Line 19. Case statement is complete. others clause is never selected

Elaborating entity <Counter> (architecture <Behavioral>) from library <work>.

Elaborating entity <spi_sleva> (architecture <Behavioral>) with generics from library <work>.

=========================================================================
*                           HDL Synthesis                               *
=========================================================================

Synthesizing Unit <main_spi_sleva>.
    Related source file is "E:\FileProject\ISE Project\SPI_Sleva\main_spi_sleva.vhd".
INFO:Xst:3210 - "E:\FileProject\ISE Project\SPI_Sleva\main_spi_sleva.vhd" line 52: Output port <o_valid_reseive> of the instance <Inst_spi_sleva> is unconnected or connected to loadless signal.
    Summary:
	no macro.
Unit <main_spi_sleva> synthesized.

Synthesizing Unit <NumberTo7Segment>.
    Related source file is "E:\FileProject\ISE Project\SPI_Sleva\NumberTo7Segment.vhd".
    Summary:
	no macro.
Unit <NumberTo7Segment> synthesized.

Synthesizing Unit <BcdTo7Segment>.
    Related source file is "E:\FileProject\ISE Project\SPI_Sleva\BcdTo7Segment.vhd".
    Found 16x7-bit Read Only RAM for signal <o_7segment>
    Summary:
	inferred   1 RAM(s).
Unit <BcdTo7Segment> synthesized.

Synthesizing Unit <Multiplexer16To4>.
    Related source file is "E:\FileProject\ISE Project\SPI_Sleva\Multiplexer16To4.vhd".
    Found 4-bit 4-to-1 multiplexer for signal <o_deta_bcd> created at line 4.
    Summary:
	inferred   1 Multiplexer(s).
Unit <Multiplexer16To4> synthesized.

Synthesizing Unit <Decoder>.
    Related source file is "E:\FileProject\ISE Project\SPI_Sleva\Decoder2To4.vhd".
    Found 4x4-bit Read Only RAM for signal <o_output_4bit>
    Summary:
	inferred   1 RAM(s).
Unit <Decoder> synthesized.

Synthesizing Unit <Counter>.
    Related source file is "E:\FileProject\ISE Project\SPI_Sleva\Counter.vhd".
    Found 2-bit register for signal <r_select_2bit>.
    Found 16-bit register for signal <r_counter>.
    Found 16-bit adder for signal <r_counter[15]_GND_13_o_add_1_OUT> created at line 1241.
    Found 2-bit adder for signal <r_select_2bit[1]_GND_13_o_add_3_OUT> created at line 1241.
    Summary:
	inferred   2 Adder/Subtractor(s).
	inferred  18 D-type flip-flop(s).
Unit <Counter> synthesized.

Synthesizing Unit <spi_sleva>.
    Related source file is "E:\FileProject\ISE Project\SPI_Sleva\spi_sleva.vhd".
        g_number_bit = 7
    Found 8-bit register for signal <r_parallel_reseive>.
    Found 1-bit register for signal <r_valid_reseive>.
    Found 8-bit register for signal <o_parallel_reseive>.
    Found 3-bit register for signal <r_conter_bit_reseive>.
    Found 3-bit adder for signal <r_conter_bit_reseive[2]_GND_14_o_add_0_OUT> created at line 29.
    Summary:
	inferred   1 Adder/Subtractor(s).
	inferred  20 D-type flip-flop(s).
	inferred   8 Multiplexer(s).
Unit <spi_sleva> synthesized.

=========================================================================
HDL Synthesis Report

Macro Statistics
# RAMs                                                 : 2
 16x7-bit single-port Read Only RAM                    : 1
 4x4-bit single-port Read Only RAM                     : 1
# Adders/Subtractors                                   : 3
 16-bit adder                                          : 1
 2-bit adder                                           : 1
 3-bit adder                                           : 1
# Registers                                            : 6
 1-bit register                                        : 1
 16-bit register                                       : 1
 2-bit register                                        : 1
 3-bit register                                        : 1
 8-bit register                                        : 2
# Multiplexers                                         : 9
 1-bit 2-to-1 multiplexer                              : 8
 4-bit 4-to-1 multiplexer                              : 1

=========================================================================

=========================================================================
*                       Advanced HDL Synthesis                          *
=========================================================================


Synthesizing (advanced) Unit <BcdTo7Segment>.
INFO:Xst:3218 - HDL ADVISOR - The RAM <Mram_o_7segment> will be implemented on LUTs either because you have described an asynchronous read or because of currently unsupported block RAM features. If you have described an asynchronous read, making it synchronous would allow you to take advantage of available block RAM resources, for optimized device usage and improved timings. Please refer to your documentation for coding guidelines.
    -----------------------------------------------------------------------
    | ram_type           | Distributed                         |          |
    -----------------------------------------------------------------------
    | Port A                                                              |
    |     aspect ratio   | 16-word x 7-bit                     |          |
    |     weA            | connected to signal <GND>           | high     |
    |     addrA          | connected to signal <i_bcd>         |          |
    |     diA            | connected to signal <GND>           |          |
    |     doA            | connected to signal <o_7segment>    |          |
    -----------------------------------------------------------------------
Unit <BcdTo7Segment> synthesized (advanced).

Synthesizing (advanced) Unit <Counter>.
The following registers are absorbed into counter <r_counter>: 1 register on signal <r_counter>.
The following registers are absorbed into counter <r_select_2bit>: 1 register on signal <r_select_2bit>.
Unit <Counter> synthesized (advanced).

Synthesizing (advanced) Unit <Decoder>.
INFO:Xst:3218 - HDL ADVISOR - The RAM <Mram_o_output_4bit> will be implemented on LUTs either because you have described an asynchronous read or because of currently unsupported block RAM features. If you have described an asynchronous read, making it synchronous would allow you to take advantage of available block RAM resources, for optimized device usage and improved timings. Please refer to your documentation for coding guidelines.
    -----------------------------------------------------------------------
    | ram_type           | Distributed                         |          |
    -----------------------------------------------------------------------
    | Port A                                                              |
    |     aspect ratio   | 4-word x 4-bit                      |          |
    |     weA            | connected to signal <GND>           | high     |
    |     addrA          | connected to signal <i_input_2bit>  |          |
    |     diA            | connected to signal <GND>           |          |
    |     doA            | connected to signal <o_output_4bit> |          |
    -----------------------------------------------------------------------
Unit <Decoder> synthesized (advanced).

Synthesizing (advanced) Unit <spi_sleva>.
The following registers are absorbed into counter <r_conter_bit_reseive>: 1 register on signal <r_conter_bit_reseive>.
Unit <spi_sleva> synthesized (advanced).

=========================================================================
Advanced HDL Synthesis Report

Macro Statistics
# RAMs                                                 : 2
 16x7-bit single-port distributed Read Only RAM        : 1
 4x4-bit single-port distributed Read Only RAM         : 1
# Counters                                             : 3
 16-bit up counter                                     : 1
 2-bit up counter                                      : 1
 3-bit up counter                                      : 1
# Registers                                            : 17
 Flip-Flops                                            : 17
# Multiplexers                                         : 9
 1-bit 2-to-1 multiplexer                              : 8
 4-bit 4-to-1 multiplexer                              : 1

=========================================================================

=========================================================================
*                         Low Level Synthesis                           *
=========================================================================
WARNING:Xst:1710 - FF/Latch <r_valid_reseive> (without init value) has a constant value of 0 in block <spi_sleva>. This FF/Latch will be trimmed during the optimization process.

Optimizing unit <main_spi_sleva> ...

Optimizing unit <spi_sleva> ...

Mapping all equations...
Building and optimizing final netlist ...
Found area constraint ratio of 100 (+ 5) on block main_spi_sleva, actual ratio is 1.

Final Macro Processing ...

=========================================================================
Final Register Report

Macro Statistics
# Registers                                            : 37
 Flip-Flops                                            : 37

=========================================================================

=========================================================================
*                           Partition Report                            *
=========================================================================

Partition Implementation Status
-------------------------------

  No Partitions were found in this design.

-------------------------------

=========================================================================
*                            Design Summary                             *
=========================================================================

Top Level Output File Name         : main_spi_sleva.ngc

Primitive and Black Box Usage:
------------------------------
# BELS                             : 98
#      GND                         : 1
#      INV                         : 2
#      LUT1                        : 15
#      LUT2                        : 22
#      LUT3                        : 1
#      LUT4                        : 12
#      LUT5                        : 8
#      LUT6                        : 5
#      MUXCY                       : 15
#      VCC                         : 1
#      XORCY                       : 16
# FlipFlops/Latches                : 37
#      FD                          : 16
#      FDE                         : 18
#      FDRE                        : 3
# Clock Buffers                    : 2
#      BUFGP                       : 2
# IO Buffers                       : 13
#      IBUF                        : 2
#      OBUF                        : 11

Device utilization summary:
---------------------------

Selected Device : 6slx9tqg144-2 


Slice Logic Utilization: 
 Number of Slice Registers:              37  out of  11440     0%  
 Number of Slice LUTs:                   65  out of   5720     1%  
    Number used as Logic:                65  out of   5720     1%  

Slice Logic Distribution: 
 Number of LUT Flip Flop pairs used:     68
   Number with an unused Flip Flop:      31  out of     68    45%  
   Number with an unused LUT:             3  out of     68     4%  
   Number of fully used LUT-FF pairs:    34  out of     68    50%  
   Number of unique control sets:         5

IO Utilization: 
 Number of IOs:                          15
 Number of bonded IOBs:                  15  out of    102    14%  

Specific Feature Utilization:
 Number of BUFG/BUFGCTRLs:                2  out of     16    12%  

---------------------------
Partition Resource Summary:
---------------------------

  No Partitions were found in this design.

---------------------------


=========================================================================
Timing Report

NOTE: THESE TIMING NUMBERS ARE ONLY A SYNTHESIS ESTIMATE.
      FOR ACCURATE TIMING INFORMATION PLEASE REFER TO THE TRACE REPORT
      GENERATED AFTER PLACE-and-ROUTE.

Clock Information:
------------------
-----------------------------------+------------------------+-------+
Clock Signal                       | Clock buffer(FF name)  | Load  |
-----------------------------------+------------------------+-------+
i_clk                              | BUFGP                  | 18    |
i_sck                              | BUFGP                  | 19    |
-----------------------------------+------------------------+-------+

Asynchronous Control Signals Information:
----------------------------------------
No asynchronous control signals found in this design

Timing Summary:
---------------
Speed Grade: -2

   Minimum period: 4.594ns (Maximum Frequency: 217.675MHz)
   Minimum input arrival time before clock: 4.424ns
   Maximum output required time after clock: 7.064ns
   Maximum combinational path delay: No path found

Timing Details:
---------------
All values displayed in nanoseconds (ns)

=========================================================================
Timing constraint: Default period analysis for Clock 'i_clk'
  Clock period: 4.594ns (frequency: 217.675MHz)
  Total number of paths / destination ports: 427 / 20
-------------------------------------------------------------------------
Delay:               4.594ns (Levels of Logic = 3)
  Source:            Inst_NumberTo7Segment/aCounter/r_counter_10 (FF)
  Destination:       Inst_NumberTo7Segment/aCounter/r_counter_0 (FF)
  Source Clock:      i_clk rising
  Destination Clock: i_clk rising

  Data Path: Inst_NumberTo7Segment/aCounter/r_counter_10 to Inst_NumberTo7Segment/aCounter/r_counter_0
                                Gate     Net
    Cell:in->out      fanout   Delay   Delay  Logical Name (Net Name)
    ----------------------------------------  ------------
     FD:C->Q               2   0.525   1.181  Inst_NumberTo7Segment/aCounter/r_counter_10 (Inst_NumberTo7Segment/aCounter/r_counter_10)
     LUT6:I0->O            3   0.254   0.874  Inst_NumberTo7Segment/aCounter/r_counter[15]_PWR_9_o_equal_3_o<15>4_SW0 (N4)
     LUT6:I4->O           16   0.250   1.182  Inst_NumberTo7Segment/aCounter/r_counter[15]_PWR_9_o_equal_3_o<15>4 (Inst_NumberTo7Segment/aCounter/r_counter[15]_PWR_9_o_equal_3_o)
     LUT2:I1->O            1   0.254   0.000  Inst_NumberTo7Segment/aCounter/r_counter_0_rstpot (Inst_NumberTo7Segment/aCounter/r_counter_0_rstpot)
     FD:D                      0.074          Inst_NumberTo7Segment/aCounter/r_counter_0
    ----------------------------------------
    Total                      4.594ns (1.357ns logic, 3.237ns route)
                                       (29.5% logic, 70.5% route)

=========================================================================
Timing constraint: Default period analysis for Clock 'i_sck'
  Clock period: 3.493ns (frequency: 286.287MHz)
  Total number of paths / destination ports: 79 / 30
-------------------------------------------------------------------------
Delay:               3.493ns (Levels of Logic = 1)
  Source:            Inst_spi_sleva/r_conter_bit_reseive_2 (FF)
  Destination:       Inst_spi_sleva/r_conter_bit_reseive_2 (FF)
  Source Clock:      i_sck rising
  Destination Clock: i_sck rising

  Data Path: Inst_spi_sleva/r_conter_bit_reseive_2 to Inst_spi_sleva/r_conter_bit_reseive_2
                                Gate     Net
    Cell:in->out      fanout   Delay   Delay  Logical Name (Net Name)
    ----------------------------------------  ------------
     FDRE:C->Q            10   0.525   1.236  Inst_spi_sleva/r_conter_bit_reseive_2 (Inst_spi_sleva/r_conter_bit_reseive_2)
     LUT4:I1->O           11   0.235   1.038  Inst_spi_sleva/_n00361 (Inst_spi_sleva/_n0036)
     FDRE:R                    0.459          Inst_spi_sleva/r_conter_bit_reseive_0
    ----------------------------------------
    Total                      3.493ns (1.219ns logic, 2.274ns route)
                                       (34.9% logic, 65.1% route)

=========================================================================
Timing constraint: Default OFFSET IN BEFORE for Clock 'i_sck'
  Total number of paths / destination ports: 30 / 30
-------------------------------------------------------------------------
Offset:              4.424ns (Levels of Logic = 2)
  Source:            i_ss (PAD)
  Destination:       Inst_spi_sleva/r_conter_bit_reseive_2 (FF)
  Destination Clock: i_sck rising

  Data Path: i_ss to Inst_spi_sleva/r_conter_bit_reseive_2
                                Gate     Net
    Cell:in->out      fanout   Delay   Delay  Logical Name (Net Name)
    ----------------------------------------  ------------
     IBUF:I->O            12   1.328   1.345  i_ss_IBUF (i_ss_IBUF)
     LUT4:I0->O           11   0.254   1.038  Inst_spi_sleva/_n00361 (Inst_spi_sleva/_n0036)
     FDRE:R                    0.459          Inst_spi_sleva/r_conter_bit_reseive_0
    ----------------------------------------
    Total                      4.424ns (2.041ns logic, 2.383ns route)
                                       (46.1% logic, 53.9% route)

=========================================================================
Timing constraint: Default OFFSET OUT AFTER for Clock 'i_clk'
  Total number of paths / destination ports: 64 / 11
-------------------------------------------------------------------------
Offset:              7.064ns (Levels of Logic = 3)
  Source:            Inst_NumberTo7Segment/aCounter/r_select_2bit_1 (FF)
  Destination:       o_7segment<6> (PAD)
  Source Clock:      i_clk rising

  Data Path: Inst_NumberTo7Segment/aCounter/r_select_2bit_1 to o_7segment<6>
                                Gate     Net
    Cell:in->out      fanout   Delay   Delay  Logical Name (Net Name)
    ----------------------------------------  ------------
     FDE:C->Q              9   0.525   1.252  Inst_NumberTo7Segment/aCounter/r_select_2bit_1 (Inst_NumberTo7Segment/aCounter/r_select_2bit_1)
     LUT4:I0->O            7   0.254   1.186  Inst_NumberTo7Segment/aMultiplexer16To4/Mmux_o_deta_bcd41 (Inst_NumberTo7Segment/r_deta_bcd<3>)
     LUT4:I0->O            1   0.254   0.681  Inst_NumberTo7Segment/aBcdTo7Segment/Mram_o_7segment21 (o_7segment_2_OBUF)
     OBUF:I->O                 2.912          o_7segment_2_OBUF (o_7segment<2>)
    ----------------------------------------
    Total                      7.064ns (3.945ns logic, 3.119ns route)
                                       (55.8% logic, 44.2% route)

=========================================================================
Timing constraint: Default OFFSET OUT AFTER for Clock 'i_sck'
  Total number of paths / destination ports: 56 / 7
-------------------------------------------------------------------------
Offset:              6.598ns (Levels of Logic = 3)
  Source:            Inst_spi_sleva/o_parallel_reseive_3 (FF)
  Destination:       o_7segment<6> (PAD)
  Source Clock:      i_sck rising

  Data Path: Inst_spi_sleva/o_parallel_reseive_3 to o_7segment<6>
                                Gate     Net
    Cell:in->out      fanout   Delay   Delay  Logical Name (Net Name)
    ----------------------------------------  ------------
     FDE:C->Q              1   0.525   0.790  Inst_spi_sleva/o_parallel_reseive_3 (Inst_spi_sleva/o_parallel_reseive_3)
     LUT4:I2->O            7   0.250   1.186  Inst_NumberTo7Segment/aMultiplexer16To4/Mmux_o_deta_bcd41 (Inst_NumberTo7Segment/r_deta_bcd<3>)
     LUT4:I0->O            1   0.254   0.681  Inst_NumberTo7Segment/aBcdTo7Segment/Mram_o_7segment21 (o_7segment_2_OBUF)
     OBUF:I->O                 2.912          o_7segment_2_OBUF (o_7segment<2>)
    ----------------------------------------
    Total                      6.598ns (3.941ns logic, 2.657ns route)
                                       (59.7% logic, 40.3% route)

=========================================================================

Cross Clock Domains Report:
--------------------------

Clock to Setup on destination clock i_clk
---------------+---------+---------+---------+---------+
               | Src:Rise| Src:Fall| Src:Rise| Src:Fall|
Source Clock   |Dest:Rise|Dest:Rise|Dest:Fall|Dest:Fall|
---------------+---------+---------+---------+---------+
i_clk          |    4.594|         |         |         |
---------------+---------+---------+---------+---------+

Clock to Setup on destination clock i_sck
---------------+---------+---------+---------+---------+
               | Src:Rise| Src:Fall| Src:Rise| Src:Fall|
Source Clock   |Dest:Rise|Dest:Rise|Dest:Fall|Dest:Fall|
---------------+---------+---------+---------+---------+
i_sck          |    3.493|         |         |         |
---------------+---------+---------+---------+---------+

=========================================================================


Total REAL time to Xst completion: 39.00 secs
Total CPU time to Xst completion: 39.01 secs
 
--> 

Total memory usage is 4501132 kilobytes

Number of errors   :    0 (   0 filtered)
Number of warnings :    1 (   0 filtered)
Number of infos    :    3 (   0 filtered)

