Release 14.7 - xst P.20131013 (nt64)
Copyright (c) 1995-2013 Xilinx, Inc.  All rights reserved.
--> Parameter TMPDIR set to xst/projnav.tmp


Total REAL time to Xst completion: 1.00 secs
Total CPU time to Xst completion: 0.88 secs
 
--> Parameter xsthdpdir set to xst


Total REAL time to Xst completion: 1.00 secs
Total CPU time to Xst completion: 0.89 secs
 
--> Reading design: spi_sleva.prj

TABLE OF CONTENTS
  1) Synthesis Options Summary
  2) HDL Parsing
  3) HDL Elaboration
  4) HDL Synthesis
       4.1) HDL Synthesis Report
  5) Advanced HDL Synthesis
       5.1) Advanced HDL Synthesis Report
  6) Low Level Synthesis
  7) Partition Report
  8) Design Summary
       8.1) Primitive and Black Box Usage
       8.2) Device utilization summary
       8.3) Partition Resource Summary
       8.4) Timing Report
            8.4.1) Clock Information
            8.4.2) Asynchronous Control Signals Information
            8.4.3) Timing Summary
            8.4.4) Timing Details
            8.4.5) Cross Clock Domains Report


=========================================================================
*                      Synthesis Options Summary                        *
=========================================================================
---- Source Parameters
Input File Name                    : "spi_sleva.prj"
Ignore Synthesis Constraint File   : NO

---- Target Parameters
Output File Name                   : "spi_sleva"
Output Format                      : NGC
Target Device                      : xc6slx9-2-tqg144

---- Source Options
Top Module Name                    : spi_sleva
Automatic FSM Extraction           : YES
FSM Encoding Algorithm             : Auto
Safe Implementation                : No
FSM Style                          : LUT
RAM Extraction                     : Yes
RAM Style                          : Auto
ROM Extraction                     : Yes
Shift Register Extraction          : YES
ROM Style                          : Auto
Resource Sharing                   : YES
Asynchronous To Synchronous        : NO
Shift Register Minimum Size        : 2
Use DSP Block                      : Auto
Automatic Register Balancing       : No

---- Target Options
LUT Combining                      : Auto
Reduce Control Sets                : Auto
Add IO Buffers                     : YES
Global Maximum Fanout              : 100000
Add Generic Clock Buffer(BUFG)     : 16
Register Duplication               : YES
Optimize Instantiated Primitives   : NO
Use Clock Enable                   : Auto
Use Synchronous Set                : Auto
Use Synchronous Reset              : Auto
Pack IO Registers into IOBs        : Auto
Equivalent register Removal        : YES

---- General Options
Optimization Goal                  : Speed
Optimization Effort                : 1
Power Reduction                    : NO
Keep Hierarchy                     : No
Netlist Hierarchy                  : As_Optimized
RTL Output                         : Yes
Global Optimization                : AllClockNets
Read Cores                         : YES
Write Timing Constraints           : NO
Cross Clock Analysis               : NO
Hierarchy Separator                : /
Bus Delimiter                      : <>
Case Specifier                     : Maintain
Slice Utilization Ratio            : 100
BRAM Utilization Ratio             : 100
DSP48 Utilization Ratio            : 100
Auto BRAM Packing                  : NO
Slice Utilization Ratio Delta      : 5

=========================================================================


=========================================================================
*                          HDL Parsing                                  *
=========================================================================
Parsing VHDL file "E:\FileProject\ISE Project\SPI_Sleva\spi_sleva.vhd" into library work
Parsing entity <spi_sleva>.
Parsing architecture <Behavioral> of entity <spi_sleva>.

=========================================================================
*                            HDL Elaboration                            *
=========================================================================

Elaborating entity <spi_sleva> (architecture <Behavioral>) with generics from library <work>.
WARNING:HDLCompiler:92 - "E:\FileProject\ISE Project\SPI_Sleva\spi_sleva.vhd" Line 40: r_conter_bit_reseive should be on the sensitivity list of the process
WARNING:HDLCompiler:92 - "E:\FileProject\ISE Project\SPI_Sleva\spi_sleva.vhd" Line 41: i_miso should be on the sensitivity list of the process
WARNING:HDLCompiler:92 - "E:\FileProject\ISE Project\SPI_Sleva\spi_sleva.vhd" Line 42: r_conter_bit_reseive should be on the sensitivity list of the process
WARNING:HDLCompiler:92 - "E:\FileProject\ISE Project\SPI_Sleva\spi_sleva.vhd" Line 62: r_valid_transmit should be on the sensitivity list of the process
WARNING:HDLCompiler:92 - "E:\FileProject\ISE Project\SPI_Sleva\spi_sleva.vhd" Line 63: r_conter_bit_transmit should be on the sensitivity list of the process
WARNING:HDLCompiler:92 - "E:\FileProject\ISE Project\SPI_Sleva\spi_sleva.vhd" Line 64: r_parallel_transmit should be on the sensitivity list of the process
WARNING:HDLCompiler:92 - "E:\FileProject\ISE Project\SPI_Sleva\spi_sleva.vhd" Line 65: r_conter_bit_transmit should be on the sensitivity list of the process

=========================================================================
*                           HDL Synthesis                               *
=========================================================================

Synthesizing Unit <spi_sleva>.
    Related source file is "E:\FileProject\ISE Project\SPI_Sleva\spi_sleva.vhd".
        g_number_bit = 7
    Found 8-bit register for signal <o_parallel_reseive>.
    Found 3-bit adder for signal <r_conter_bit_reseive[2]_GND_4_o_add_1_OUT> created at line 40.
    Found 3-bit adder for signal <r_conter_bit_transmit[2]_GND_4_o_add_8_OUT> created at line 63.
    Found 1-bit 8-to-1 multiplexer for signal <r_conter_bit_transmit[2]_r_parallel_transmit[7]_Mux_9_o> created at line 64.
WARNING:Xst:737 - Found 1-bit latch for signal <r_conter_bit_reseive<2>>. Latches may be generated from incomplete case or if statements. We do not recommend the use of latches in FPGA/CPLD designs, as they may lead to timing problems.
WARNING:Xst:737 - Found 1-bit latch for signal <r_conter_bit_reseive<1>>. Latches may be generated from incomplete case or if statements. We do not recommend the use of latches in FPGA/CPLD designs, as they may lead to timing problems.
WARNING:Xst:737 - Found 1-bit latch for signal <r_conter_bit_reseive<0>>. Latches may be generated from incomplete case or if statements. We do not recommend the use of latches in FPGA/CPLD designs, as they may lead to timing problems.
WARNING:Xst:737 - Found 1-bit latch for signal <r_parallel_reseive<7>>. Latches may be generated from incomplete case or if statements. We do not recommend the use of latches in FPGA/CPLD designs, as they may lead to timing problems.
WARNING:Xst:737 - Found 1-bit latch for signal <r_parallel_reseive<6>>. Latches may be generated from incomplete case or if statements. We do not recommend the use of latches in FPGA/CPLD designs, as they may lead to timing problems.
WARNING:Xst:737 - Found 1-bit latch for signal <r_parallel_reseive<5>>. Latches may be generated from incomplete case or if statements. We do not recommend the use of latches in FPGA/CPLD designs, as they may lead to timing problems.
WARNING:Xst:737 - Found 1-bit latch for signal <r_parallel_reseive<4>>. Latches may be generated from incomplete case or if statements. We do not recommend the use of latches in FPGA/CPLD designs, as they may lead to timing problems.
WARNING:Xst:737 - Found 1-bit latch for signal <r_parallel_reseive<3>>. Latches may be generated from incomplete case or if statements. We do not recommend the use of latches in FPGA/CPLD designs, as they may lead to timing problems.
WARNING:Xst:737 - Found 1-bit latch for signal <r_parallel_reseive<2>>. Latches may be generated from incomplete case or if statements. We do not recommend the use of latches in FPGA/CPLD designs, as they may lead to timing problems.
WARNING:Xst:737 - Found 1-bit latch for signal <r_parallel_reseive<1>>. Latches may be generated from incomplete case or if statements. We do not recommend the use of latches in FPGA/CPLD designs, as they may lead to timing problems.
WARNING:Xst:737 - Found 1-bit latch for signal <r_parallel_reseive<0>>. Latches may be generated from incomplete case or if statements. We do not recommend the use of latches in FPGA/CPLD designs, as they may lead to timing problems.
WARNING:Xst:737 - Found 1-bit latch for signal <r_conter_bit_transmit<2>>. Latches may be generated from incomplete case or if statements. We do not recommend the use of latches in FPGA/CPLD designs, as they may lead to timing problems.
WARNING:Xst:737 - Found 1-bit latch for signal <r_conter_bit_transmit<1>>. Latches may be generated from incomplete case or if statements. We do not recommend the use of latches in FPGA/CPLD designs, as they may lead to timing problems.
WARNING:Xst:737 - Found 1-bit latch for signal <r_conter_bit_transmit<0>>. Latches may be generated from incomplete case or if statements. We do not recommend the use of latches in FPGA/CPLD designs, as they may lead to timing problems.
WARNING:Xst:737 - Found 1-bit latch for signal <o_mosi>. Latches may be generated from incomplete case or if statements. We do not recommend the use of latches in FPGA/CPLD designs, as they may lead to timing problems.
WARNING:Xst:737 - Found 1-bit latch for signal <r_valid_transmit>. Latches may be generated from incomplete case or if statements. We do not recommend the use of latches in FPGA/CPLD designs, as they may lead to timing problems.
WARNING:Xst:737 - Found 1-bit latch for signal <r_valid_reseive>. Latches may be generated from incomplete case or if statements. We do not recommend the use of latches in FPGA/CPLD designs, as they may lead to timing problems.
    Summary:
	inferred   2 Adder/Subtractor(s).
	inferred   8 D-type flip-flop(s).
	inferred  17 Latch(s).
	inferred   3 Multiplexer(s).
Unit <spi_sleva> synthesized.

=========================================================================
HDL Synthesis Report

Macro Statistics
# Adders/Subtractors                                   : 2
 3-bit adder                                           : 2
# Registers                                            : 1
 8-bit register                                        : 1
# Latches                                              : 17
 1-bit latch                                           : 17
# Multiplexers                                         : 3
 1-bit 8-to-1 multiplexer                              : 1
 3-bit 2-to-1 multiplexer                              : 2

=========================================================================

=========================================================================
*                       Advanced HDL Synthesis                          *
=========================================================================


=========================================================================
Advanced HDL Synthesis Report

Macro Statistics
# Adders/Subtractors                                   : 2
 3-bit adder                                           : 2
# Registers                                            : 8
 Flip-Flops                                            : 8
# Multiplexers                                         : 3
 1-bit 8-to-1 multiplexer                              : 1
 3-bit 2-to-1 multiplexer                              : 2

=========================================================================

=========================================================================
*                         Low Level Synthesis                           *
=========================================================================
WARNING:Xst:3002 - This design contains one or more registers/latches that are directly
   incompatible with the Spartan6 architecture. The two primary causes of this is
   either a register or latch described with both an asynchronous set and
   asynchronous reset, or a register or latch described with an asynchronous
   set or reset which however has an initialization value of the opposite 
   polarity (i.e. asynchronous reset with an initialization value of 1).
    While this circuit can be built, it creates a sub-optimal implementation
   in terms of area, power and performance. For a more optimal implementation
   Xilinx highly recommends one of the following:

          1) Remove either the set or reset from all registers and latches
             if not needed for required functionality
          2) Modify the code in order to produce a synchronous set
             and/or reset (both is preferred)
          3) Ensure all registers have the same initialization value as the
             described asynchronous set or reset polarity
          4) Use the -async_to_sync option to transform the asynchronous
             set/reset to synchronous operation
             (timing simulation highly recommended when using this option)

  Please refer to http://www.xilinx.com search string "Spartan6 asynchronous set/reset" for more details.

  List of register instances with asynchronous set or reset and opposite initialization value:
    r_valid_reseive in unit <spi_sleva>
    r_valid_transmit in unit <spi_sleva>


Optimizing unit <spi_sleva> ...

Mapping all equations...
Building and optimizing final netlist ...
Found area constraint ratio of 100 (+ 5) on block spi_sleva, actual ratio is 0.

Final Macro Processing ...

=========================================================================
Final Register Report

Macro Statistics
# Registers                                            : 8
 Flip-Flops                                            : 8

=========================================================================

=========================================================================
*                           Partition Report                            *
=========================================================================

Partition Implementation Status
-------------------------------

  No Partitions were found in this design.

-------------------------------

=========================================================================
*                            Design Summary                             *
=========================================================================

Top Level Output File Name         : spi_sleva.ngc

Primitive and Black Box Usage:
------------------------------
# BELS                             : 20
#      INV                         : 2
#      LUT2                        : 3
#      LUT3                        : 10
#      LUT6                        : 4
#      MUXF7                       : 1
# FlipFlops/Latches                : 25
#      FD_1                        : 8
#      LD                          : 2
#      LDE                         : 11
#      LDE_1                       : 4
# Clock Buffers                    : 1
#      BUFG                        : 1
# IO Buffers                       : 21
#      IBUF                        : 12
#      OBUF                        : 9

Device utilization summary:
---------------------------

Selected Device : 6slx9tqg144-2 


Slice Logic Utilization: 
 Number of Slice Registers:              17  out of  11440     0%  
 Number of Slice LUTs:                   19  out of   5720     0%  
    Number used as Logic:                19  out of   5720     0%  

Slice Logic Distribution: 
 Number of LUT Flip Flop pairs used:     28
   Number with an unused Flip Flop:      11  out of     28    39%  
   Number with an unused LUT:             9  out of     28    32%  
   Number of fully used LUT-FF pairs:     8  out of     28    28%  
   Number of unique control sets:        13

IO Utilization: 
 Number of IOs:                          21
 Number of bonded IOBs:                  21  out of    102    20%  
    IOB Flip Flops/Latches:               8

Specific Feature Utilization:
 Number of BUFG/BUFGCTRLs:                1  out of     16     6%  

---------------------------
Partition Resource Summary:
---------------------------

  No Partitions were found in this design.

---------------------------


=========================================================================
Timing Report

NOTE: THESE TIMING NUMBERS ARE ONLY A SYNTHESIS ESTIMATE.
      FOR ACCURATE TIMING INFORMATION PLEASE REFER TO THE TRACE REPORT
      GENERATED AFTER PLACE-and-ROUTE.

Clock Information:
------------------
---------------------------------------------------------------+------------------------------+-------+
Clock Signal                                                   | Clock buffer(FF name)        | Load  |
---------------------------------------------------------------+------------------------------+-------+
i_clk_r_valid_reseive_AND_1_o(i_clk_r_valid_reseive_AND_1_o1:O)| NONE(*)(r_parallel_reseive_6)| 8     |
i_clk                                                          | IBUF+BUFG                    | 7     |
r_valid_reseive                                                | NONE(o_parallel_reseive_0)   | 8     |
r_valid_transmit_G(r_valid_transmit_G:O)                       | NONE(*)(r_valid_transmit)    | 1     |
r_valid_reseive_G(r_valid_reseive_G:O)                         | NONE(*)(r_valid_reseive)     | 1     |
---------------------------------------------------------------+------------------------------+-------+
(*) These 3 clock signal(s) are generated by combinatorial logic,
and XST is not able to identify which are the primary clock signals.
Please use the CLOCK_SIGNAL constraint to specify the clock signal(s) generated by combinatorial logic.
INFO:Xst:2169 - HDL ADVISOR - Some clock signals were not automatically buffered by XST with BUFG/BUFR resources. Please use the buffer_type constraint in order to insert these buffers to the clock signals to help prevent skew problems.

Asynchronous Control Signals Information:
----------------------------------------
No asynchronous control signals found in this design

Timing Summary:
---------------
Speed Grade: -2

   Minimum period: 2.621ns (Maximum Frequency: 381.534MHz)
   Minimum input arrival time before clock: 2.930ns
   Maximum output required time after clock: 4.174ns
   Maximum combinational path delay: No path found

Timing Details:
---------------
All values displayed in nanoseconds (ns)

=========================================================================
Timing constraint: Default period analysis for Clock 'i_clk'
  Clock period: 2.621ns (frequency: 381.534MHz)
  Total number of paths / destination ports: 17 / 7
-------------------------------------------------------------------------
Delay:               2.621ns (Levels of Logic = 1)
  Source:            r_conter_bit_reseive_0 (LATCH)
  Destination:       r_conter_bit_reseive_0 (LATCH)
  Source Clock:      i_clk falling
  Destination Clock: i_clk falling

  Data Path: r_conter_bit_reseive_0 to r_conter_bit_reseive_0
                                Gate     Net
    Cell:in->out      fanout   Delay   Delay  Logical Name (Net Name)
    ----------------------------------------  ------------
     LDE:G->Q             12   0.581   1.068  r_conter_bit_reseive_0 (r_conter_bit_reseive_0)
     INV:I->O              1   0.255   0.681  Mmux_r_conter_bit_reseive[2]_GND_4_o_mux_4_OUT11_INV_0 (r_conter_bit_reseive[2]_GND_4_o_mux_4_OUT<0>)
     LDE:D                     0.036          r_conter_bit_reseive_0
    ----------------------------------------
    Total                      2.621ns (0.872ns logic, 1.749ns route)
                                       (33.3% logic, 66.7% route)

=========================================================================
Timing constraint: Default OFFSET IN BEFORE for Clock 'i_clk_r_valid_reseive_AND_1_o'
  Total number of paths / destination ports: 8 / 8
-------------------------------------------------------------------------
Offset:              2.307ns (Levels of Logic = 1)
  Source:            i_miso (PAD)
  Destination:       r_parallel_reseive_6 (LATCH)
  Destination Clock: i_clk_r_valid_reseive_AND_1_o falling

  Data Path: i_miso to r_parallel_reseive_6
                                Gate     Net
    Cell:in->out      fanout   Delay   Delay  Logical Name (Net Name)
    ----------------------------------------  ------------
     IBUF:I->O             8   1.328   0.943  i_miso_IBUF (i_miso_IBUF)
     LDE:D                     0.036          r_parallel_reseive_6
    ----------------------------------------
    Total                      2.307ns (1.364ns logic, 0.943ns route)
                                       (59.1% logic, 40.9% route)

=========================================================================
Timing constraint: Default OFFSET IN BEFORE for Clock 'i_clk'
  Total number of paths / destination ports: 8 / 1
-------------------------------------------------------------------------
Offset:              2.930ns (Levels of Logic = 3)
  Source:            i_parallel_transmit<4> (PAD)
  Destination:       o_mosi (LATCH)
  Destination Clock: i_clk rising

  Data Path: i_parallel_transmit<4> to o_mosi
                                Gate     Net
    Cell:in->out      fanout   Delay   Delay  Logical Name (Net Name)
    ----------------------------------------  ------------
     IBUF:I->O             1   1.328   1.137  i_parallel_transmit_4_IBUF (i_parallel_transmit_4_IBUF)
     LUT6:I0->O            1   0.254   0.000  Mmux_r_conter_bit_transmit[2]_r_parallel_transmit[7]_Mux_9_o_3 (Mmux_r_conter_bit_transmit[2]_r_parallel_transmit[7]_Mux_9_o_3)
     MUXF7:I1->O           1   0.175   0.000  Mmux_r_conter_bit_transmit[2]_r_parallel_transmit[7]_Mux_9_o_2_f7 (r_conter_bit_transmit[2]_r_parallel_transmit[7]_Mux_9_o)
     LDE_1:D                   0.036          o_mosi
    ----------------------------------------
    Total                      2.930ns (1.793ns logic, 1.137ns route)
                                       (61.2% logic, 38.8% route)

=========================================================================
Timing constraint: Default OFFSET IN BEFORE for Clock 'r_valid_transmit_G'
  Total number of paths / destination ports: 1 / 1
-------------------------------------------------------------------------
Offset:              2.089ns (Levels of Logic = 1)
  Source:            i_start_transmit (PAD)
  Destination:       r_valid_transmit (LATCH)
  Destination Clock: r_valid_transmit_G falling

  Data Path: i_start_transmit to r_valid_transmit
                                Gate     Net
    Cell:in->out      fanout   Delay   Delay  Logical Name (Net Name)
    ----------------------------------------  ------------
     IBUF:I->O             2   1.328   0.725  i_start_transmit_IBUF (i_start_transmit_IBUF)
     LD:D                      0.036          r_valid_transmit
    ----------------------------------------
    Total                      2.089ns (1.364ns logic, 0.725ns route)
                                       (65.3% logic, 34.7% route)

=========================================================================
Timing constraint: Default OFFSET IN BEFORE for Clock 'r_valid_reseive_G'
  Total number of paths / destination ports: 1 / 1
-------------------------------------------------------------------------
Offset:              2.089ns (Levels of Logic = 1)
  Source:            i_start_reseive (PAD)
  Destination:       r_valid_reseive (LATCH)
  Destination Clock: r_valid_reseive_G falling

  Data Path: i_start_reseive to r_valid_reseive
                                Gate     Net
    Cell:in->out      fanout   Delay   Delay  Logical Name (Net Name)
    ----------------------------------------  ------------
     IBUF:I->O             2   1.328   0.725  i_start_reseive_IBUF (i_start_reseive_IBUF)
     LD:D                      0.036          r_valid_reseive
    ----------------------------------------
    Total                      2.089ns (1.364ns logic, 0.725ns route)
                                       (65.3% logic, 34.7% route)

=========================================================================
Timing constraint: Default OFFSET OUT AFTER for Clock 'r_valid_reseive'
  Total number of paths / destination ports: 8 / 8
-------------------------------------------------------------------------
Offset:              4.118ns (Levels of Logic = 1)
  Source:            o_parallel_reseive_7 (FF)
  Destination:       o_parallel_reseive<7> (PAD)
  Source Clock:      r_valid_reseive falling

  Data Path: o_parallel_reseive_7 to o_parallel_reseive<7>
                                Gate     Net
    Cell:in->out      fanout   Delay   Delay  Logical Name (Net Name)
    ----------------------------------------  ------------
     FD_1:C->Q             1   0.525   0.681  o_parallel_reseive_7 (o_parallel_reseive_7)
     OBUF:I->O                 2.912          o_parallel_reseive_7_OBUF (o_parallel_reseive<7>)
    ----------------------------------------
    Total                      4.118ns (3.437ns logic, 0.681ns route)
                                       (83.5% logic, 16.5% route)

=========================================================================
Timing constraint: Default OFFSET OUT AFTER for Clock 'i_clk'
  Total number of paths / destination ports: 1 / 1
-------------------------------------------------------------------------
Offset:              4.174ns (Levels of Logic = 1)
  Source:            o_mosi (LATCH)
  Destination:       o_mosi (PAD)
  Source Clock:      i_clk rising

  Data Path: o_mosi to o_mosi
                                Gate     Net
    Cell:in->out      fanout   Delay   Delay  Logical Name (Net Name)
    ----------------------------------------  ------------
     LDE_1:G->Q            1   0.581   0.681  o_mosi (o_mosi_OBUF)
     OBUF:I->O                 2.912          o_mosi_OBUF (o_mosi)
    ----------------------------------------
    Total                      4.174ns (3.493ns logic, 0.681ns route)
                                       (83.7% logic, 16.3% route)

=========================================================================

Cross Clock Domains Report:
--------------------------

Clock to Setup on destination clock i_clk
------------------+---------+---------+---------+---------+
                  | Src:Rise| Src:Fall| Src:Rise| Src:Fall|
Source Clock      |Dest:Rise|Dest:Rise|Dest:Fall|Dest:Fall|
------------------+---------+---------+---------+---------+
i_clk             |    2.428|         |    2.621|         |
r_valid_reseive_G |         |         |    1.980|         |
r_valid_transmit_G|         |    1.723|         |         |
------------------+---------+---------+---------+---------+

Clock to Setup on destination clock i_clk_r_valid_reseive_AND_1_o
---------------+---------+---------+---------+---------+
               | Src:Rise| Src:Fall| Src:Rise| Src:Fall|
Source Clock   |Dest:Rise|Dest:Rise|Dest:Fall|Dest:Fall|
---------------+---------+---------+---------+---------+
i_clk          |         |         |    3.096|         |
---------------+---------+---------+---------+---------+

Clock to Setup on destination clock r_valid_reseive
-----------------------------+---------+---------+---------+---------+
                             | Src:Rise| Src:Fall| Src:Rise| Src:Fall|
Source Clock                 |Dest:Rise|Dest:Rise|Dest:Fall|Dest:Fall|
-----------------------------+---------+---------+---------+---------+
i_clk_r_valid_reseive_AND_1_o|         |         |    1.336|         |
-----------------------------+---------+---------+---------+---------+

=========================================================================


Total REAL time to Xst completion: 33.00 secs
Total CPU time to Xst completion: 32.97 secs
 
--> 

Total memory usage is 4516816 kilobytes

Number of errors   :    0 (   0 filtered)
Number of warnings :   25 (   0 filtered)
Number of infos    :    1 (   0 filtered)

