Release 14.7 - xst P.20131013 (nt64)
Copyright (c) 1995-2013 Xilinx, Inc.  All rights reserved.
--> Parameter TMPDIR set to xst/projnav.tmp


Total REAL time to Xst completion: 0.00 secs
Total CPU time to Xst completion: 0.19 secs
 
--> Parameter xsthdpdir set to xst


Total REAL time to Xst completion: 0.00 secs
Total CPU time to Xst completion: 0.19 secs
 
--> Reading design: Main.prj

TABLE OF CONTENTS
  1) Synthesis Options Summary
  2) HDL Parsing
  3) HDL Elaboration
  4) HDL Synthesis
       4.1) HDL Synthesis Report
  5) Advanced HDL Synthesis
       5.1) Advanced HDL Synthesis Report
  6) Low Level Synthesis
  7) Partition Report
  8) Design Summary
       8.1) Primitive and Black Box Usage
       8.2) Device utilization summary
       8.3) Partition Resource Summary
       8.4) Timing Report
            8.4.1) Clock Information
            8.4.2) Asynchronous Control Signals Information
            8.4.3) Timing Summary
            8.4.4) Timing Details
            8.4.5) Cross Clock Domains Report


=========================================================================
*                      Synthesis Options Summary                        *
=========================================================================
---- Source Parameters
Input File Name                    : "Main.prj"
Ignore Synthesis Constraint File   : NO

---- Target Parameters
Output File Name                   : "Main"
Output Format                      : NGC
Target Device                      : xc6slx9-2-tqg144

---- Source Options
Top Module Name                    : Main
Automatic FSM Extraction           : YES
FSM Encoding Algorithm             : Auto
Safe Implementation                : No
FSM Style                          : LUT
RAM Extraction                     : Yes
RAM Style                          : Auto
ROM Extraction                     : Yes
Shift Register Extraction          : YES
ROM Style                          : Auto
Resource Sharing                   : YES
Asynchronous To Synchronous        : NO
Shift Register Minimum Size        : 2
Use DSP Block                      : Auto
Automatic Register Balancing       : No

---- Target Options
LUT Combining                      : Auto
Reduce Control Sets                : Auto
Add IO Buffers                     : YES
Global Maximum Fanout              : 100000
Add Generic Clock Buffer(BUFG)     : 16
Register Duplication               : YES
Optimize Instantiated Primitives   : NO
Use Clock Enable                   : Auto
Use Synchronous Set                : Auto
Use Synchronous Reset              : Auto
Pack IO Registers into IOBs        : Auto
Equivalent register Removal        : YES

---- General Options
Optimization Goal                  : Speed
Optimization Effort                : 1
Power Reduction                    : NO
Keep Hierarchy                     : No
Netlist Hierarchy                  : As_Optimized
RTL Output                         : Yes
Global Optimization                : AllClockNets
Read Cores                         : YES
Write Timing Constraints           : NO
Cross Clock Analysis               : NO
Hierarchy Separator                : /
Bus Delimiter                      : <>
Case Specifier                     : Maintain
Slice Utilization Ratio            : 100
BRAM Utilization Ratio             : 100
DSP48 Utilization Ratio            : 100
Auto BRAM Packing                  : NO
Slice Utilization Ratio Delta      : 5

---- Other Options
Cores Search Directories           : {"ipcore_dir"  }

=========================================================================


=========================================================================
*                          HDL Parsing                                  *
=========================================================================
Parsing VHDL file "E:\FPGA\ISE Project\VGA\ipcore_dir\DCM_IP.vhd" into library work
Parsing entity <DCM_IP>.
Parsing architecture <xilinx> of entity <dcm_ip>.
Parsing VHDL file "E:\FPGA\ISE Project\VGA\Main.vhd" into library work
Parsing entity <Main>.
Parsing architecture <Behavioral> of entity <main>.

=========================================================================
*                            HDL Elaboration                            *
=========================================================================

Elaborating entity <Main> (architecture <Behavioral>) from library <work>.

Elaborating entity <DCM_IP> (architecture <xilinx>) from library <work>.

=========================================================================
*                           HDL Synthesis                               *
=========================================================================

Synthesizing Unit <Main>.
    Related source file is "E:\FPGA\ISE Project\VGA\Main.vhd".
    Found 11-bit register for signal <CurrentV>.
    Found 18-bit register for signal <count>.
    Found 10-bit register for signal <counter>.
    Found 1-bit register for signal <sig>.
    Found 11-bit register for signal <CurrentH>.
    Found 11-bit adder for signal <CurrentH[10]_GND_4_o_add_0_OUT> created at line 1241.
    Found 11-bit adder for signal <CurrentV[10]_GND_4_o_add_2_OUT> created at line 1241.
    Found 18-bit adder for signal <count[17]_GND_4_o_add_24_OUT> created at line 1241.
    Found 10-bit adder for signal <counter[9]_GND_4_o_add_26_OUT> created at line 1241.
    Found 10-bit adder for signal <GND_4_o_counter[9]_add_36_OUT> created at line 1247.
    Found 10-bit subtractor for signal <GND_4_o_GND_4_o_sub_28_OUT<9:0>> created at line 1308.
    Found 11-bit subtractor for signal <GND_4_o_GND_4_o_sub_23_OUT<10:0>> created at line 1308.
    Found 11-bit subtractor for signal <GND_4_o_GND_4_o_sub_20_OUT<10:0>> created at line 1308.
    Found 11-bit comparator lessequal for signal <CurrentH[10]_GND_4_o_LessThan_10_o> created at line 75
    Found 11-bit comparator lessequal for signal <CurrentV[10]_GND_4_o_LessThan_11_o> created at line 76
    Found 11-bit comparator lessequal for signal <n0013> created at line 77
    Found 11-bit comparator greater for signal <CurrentH[10]_GND_4_o_LessThan_13_o> created at line 77
    Found 11-bit comparator lessequal for signal <n0018> created at line 78
    Found 11-bit comparator greater for signal <CurrentV[10]_GND_4_o_LessThan_15_o> created at line 78
    Found 11-bit comparator greater for signal <GND_4_o_ScanlineX[10]_LessThan_36_o> created at line 123
    Found 11-bit comparator greater for signal <ScanlineX[10]_GND_4_o_LessThan_38_o> created at line 123
    Found 11-bit comparator greater for signal <GND_4_o_ScanlineY[10]_LessThan_39_o> created at line 124
    Found 11-bit comparator greater for signal <ScanlineY[10]_GND_4_o_LessThan_41_o> created at line 124
    Summary:
	inferred   7 Adder/Subtractor(s).
	inferred  51 D-type flip-flop(s).
	inferred  10 Comparator(s).
	inferred   5 Multiplexer(s).
Unit <Main> synthesized.

Synthesizing Unit <DCM_IP>.
    Related source file is "E:\FPGA\ISE Project\VGA\ipcore_dir\DCM_IP.vhd".
    Summary:
	no macro.
Unit <DCM_IP> synthesized.

=========================================================================
HDL Synthesis Report

Macro Statistics
# Adders/Subtractors                                   : 7
 10-bit adder                                          : 1
 10-bit addsub                                         : 1
 11-bit adder                                          : 2
 11-bit subtractor                                     : 2
 18-bit adder                                          : 1
# Registers                                            : 5
 1-bit register                                        : 1
 10-bit register                                       : 1
 11-bit register                                       : 2
 18-bit register                                       : 1
# Comparators                                          : 10
 11-bit comparator greater                             : 6
 11-bit comparator lessequal                           : 4
# Multiplexers                                         : 5
 11-bit 2-to-1 multiplexer                             : 2
 3-bit 2-to-1 multiplexer                              : 3

=========================================================================

=========================================================================
*                       Advanced HDL Synthesis                          *
=========================================================================


Synthesizing (advanced) Unit <Main>.
The following registers are absorbed into counter <count>: 1 register on signal <count>.
The following registers are absorbed into counter <CurrentH>: 1 register on signal <CurrentH>.
The following registers are absorbed into counter <counter>: 1 register on signal <counter>.
The following registers are absorbed into counter <CurrentV>: 1 register on signal <CurrentV>.
Unit <Main> synthesized (advanced).

=========================================================================
Advanced HDL Synthesis Report

Macro Statistics
# Adders/Subtractors                                   : 3
 10-bit adder                                          : 1
 11-bit subtractor                                     : 2
# Counters                                             : 4
 10-bit updown counter                                 : 1
 11-bit up counter                                     : 2
 18-bit up counter                                     : 1
# Registers                                            : 1
 Flip-Flops                                            : 1
# Comparators                                          : 10
 11-bit comparator greater                             : 6
 11-bit comparator lessequal                           : 4
# Multiplexers                                         : 5
 11-bit 2-to-1 multiplexer                             : 2
 3-bit 2-to-1 multiplexer                              : 3

=========================================================================

=========================================================================
*                         Low Level Synthesis                           *
=========================================================================

Optimizing unit <Main> ...

Mapping all equations...
Building and optimizing final netlist ...
Found area constraint ratio of 100 (+ 5) on block Main, actual ratio is 3.

Final Macro Processing ...

=========================================================================
Final Register Report

Macro Statistics
# Registers                                            : 51
 Flip-Flops                                            : 51

=========================================================================

=========================================================================
*                           Partition Report                            *
=========================================================================

Partition Implementation Status
-------------------------------

  No Partitions were found in this design.

-------------------------------

=========================================================================
*                            Design Summary                             *
=========================================================================

Top Level Output File Name         : Main.ngc

Primitive and Black Box Usage:
------------------------------
# BELS                             : 308
#      GND                         : 1
#      INV                         : 4
#      LUT1                        : 37
#      LUT2                        : 40
#      LUT3                        : 19
#      LUT4                        : 39
#      LUT5                        : 14
#      LUT6                        : 41
#      MUXCY                       : 62
#      VCC                         : 1
#      XORCY                       : 50
# FlipFlops/Latches                : 51
#      FD                          : 30
#      FDE                         : 10
#      FDRE                        : 11
# Clock Buffers                    : 2
#      BUFG                        : 2
# IO Buffers                       : 12
#      IBUFG                       : 1
#      OBUF                        : 11
# DCMs                             : 1
#      DCM_SP                      : 1

Device utilization summary:
---------------------------

Selected Device : 6slx9tqg144-2 


Slice Logic Utilization: 
 Number of Slice Registers:              51  out of  11440     0%  
 Number of Slice LUTs:                  194  out of   5720     3%  
    Number used as Logic:               194  out of   5720     3%  

Slice Logic Distribution: 
 Number of LUT Flip Flop pairs used:    194
   Number with an unused Flip Flop:     143  out of    194    73%  
   Number with an unused LUT:             0  out of    194     0%  
   Number of fully used LUT-FF pairs:    51  out of    194    26%  
   Number of unique control sets:         3

IO Utilization: 
 Number of IOs:                          12
 Number of bonded IOBs:                  12  out of    102    11%  

Specific Feature Utilization:
 Number of BUFG/BUFGCTRLs:                2  out of     16    12%  

---------------------------
Partition Resource Summary:
---------------------------

  No Partitions were found in this design.

---------------------------


=========================================================================
Timing Report

NOTE: THESE TIMING NUMBERS ARE ONLY A SYNTHESIS ESTIMATE.
      FOR ACCURATE TIMING INFORMATION PLEASE REFER TO THE TRACE REPORT
      GENERATED AFTER PLACE-and-ROUTE.

Clock Information:
------------------
-----------------------------------+------------------------+-------+
Clock Signal                       | Clock buffer(FF name)  | Load  |
-----------------------------------+------------------------+-------+
i_clk                              | DCM_SP:CLKFX           | 51    |
-----------------------------------+------------------------+-------+

Asynchronous Control Signals Information:
----------------------------------------
No asynchronous control signals found in this design

Timing Summary:
---------------
Speed Grade: -2

   Minimum period: 5.103ns (Maximum Frequency: 195.958MHz)
   Minimum input arrival time before clock: No path found
   Maximum output required time after clock: 14.693ns
   Maximum combinational path delay: No path found

Timing Details:
---------------
All values displayed in nanoseconds (ns)

=========================================================================
Timing constraint: Default period analysis for Clock 'i_clk'
  Clock period: 5.103ns (frequency: 195.958MHz)
  Total number of paths / destination ports: 1368 / 83
-------------------------------------------------------------------------
Delay:               4.899ns (Levels of Logic = 3)
  Source:            count_14 (FF)
  Destination:       count_1 (FF)
  Source Clock:      i_clk rising 1.0X
  Destination Clock: i_clk rising 1.0X

  Data Path: count_14 to count_1
                                Gate     Net
    Cell:in->out      fanout   Delay   Delay  Logical Name (Net Name)
    ----------------------------------------  ------------
     FD:C->Q               2   0.525   1.156  count_14 (count_14)
     LUT5:I0->O           12   0.254   1.177  count[17]_PWR_4_o_equal_26_o<17>3 (count[17]_PWR_4_o_equal_26_o<17>2)
     LUT6:I4->O           17   0.250   1.209  count[17]_PWR_4_o_equal_26_o<17>4 (count[17]_PWR_4_o_equal_26_o)
     LUT2:I1->O            1   0.254   0.000  count_1_rstpot (count_1_rstpot)
     FD:D                      0.074          count_1
    ----------------------------------------
    Total                      4.899ns (1.357ns logic, 3.542ns route)
                                       (27.7% logic, 72.3% route)

=========================================================================
Timing constraint: Default OFFSET OUT AFTER for Clock 'i_clk'
  Total number of paths / destination ports: 8508 / 8
-------------------------------------------------------------------------
Offset:              14.693ns (Levels of Logic = 9)
  Source:            CurrentV_4 (FF)
  Destination:       o_green<1> (PAD)
  Source Clock:      i_clk rising 1.0X

  Data Path: CurrentV_4 to o_green<1>
                                Gate     Net
    Cell:in->out      fanout   Delay   Delay  Logical Name (Net Name)
    ----------------------------------------  ------------
     FDRE:C->Q             9   0.525   1.406  CurrentV_4 (CurrentV_4)
     LUT6:I1->O            1   0.254   1.137  Blank_INV_11_o3 (Blank_INV_11_o3)
     LUT6:I0->O            9   0.254   1.204  Blank_INV_11_o4 (Blank_INV_11_o4)
     LUT5:I2->O           18   0.235   1.690  Blank_INV_11_o6 (o_red_0_OBUF)
     LUT6:I0->O            4   0.254   1.080  Mmux_ScanlineY81 (ScanlineY<6>)
     LUT4:I0->O            1   0.254   0.000  Mcompar_GND_4_o_ScanlineY[10]_LessThan_39_o_lut<3> (Mcompar_GND_4_o_ScanlineY[10]_LessThan_39_o_lut<3>)
     MUXCY:S->O            1   0.427   0.790  Mcompar_GND_4_o_ScanlineY[10]_LessThan_39_o_cy<3> (Mcompar_GND_4_o_ScanlineY[10]_LessThan_39_o_cy<3>)
     LUT6:I4->O            2   0.250   1.002  Mcompar_GND_4_o_ScanlineY[10]_LessThan_39_o_cy<4> (Mcompar_GND_4_o_ScanlineY[10]_LessThan_39_o_cy<4>)
     LUT5:I1->O            3   0.254   0.765  o_blue<1>1 (o_blue_1_OBUF)
     OBUF:I->O                 2.912          o_green_1_OBUF (o_green<1>)
    ----------------------------------------
    Total                     14.693ns (5.619ns logic, 9.074ns route)
                                       (38.2% logic, 61.8% route)

=========================================================================

Cross Clock Domains Report:
--------------------------

Clock to Setup on destination clock i_clk
---------------+---------+---------+---------+---------+
               | Src:Rise| Src:Fall| Src:Rise| Src:Fall|
Source Clock   |Dest:Rise|Dest:Rise|Dest:Fall|Dest:Fall|
---------------+---------+---------+---------+---------+
i_clk          |    4.899|         |         |         |
---------------+---------+---------+---------+---------+

=========================================================================


Total REAL time to Xst completion: 8.00 secs
Total CPU time to Xst completion: 7.74 secs
 
--> 

Total memory usage is 4501804 kilobytes

Number of errors   :    0 (   0 filtered)
Number of warnings :    0 (   0 filtered)
Number of infos    :    0 (   0 filtered)

