Release 14.7 - xst P.20131013 (nt64)
Copyright (c) 1995-2013 Xilinx, Inc.  All rights reserved.
--> Parameter TMPDIR set to xst/projnav.tmp


Total REAL time to Xst completion: 1.00 secs
Total CPU time to Xst completion: 0.95 secs
 
--> Parameter xsthdpdir set to xst


Total REAL time to Xst completion: 1.00 secs
Total CPU time to Xst completion: 0.96 secs
 
--> Reading design: USART_Synchronizer.prj

TABLE OF CONTENTS
  1) Synthesis Options Summary
  2) HDL Parsing
  3) HDL Elaboration
  4) HDL Synthesis
       4.1) HDL Synthesis Report
  5) Advanced HDL Synthesis
       5.1) Advanced HDL Synthesis Report
  6) Low Level Synthesis
  7) Partition Report
  8) Design Summary
       8.1) Primitive and Black Box Usage
       8.2) Device utilization summary
       8.3) Partition Resource Summary
       8.4) Timing Report
            8.4.1) Clock Information
            8.4.2) Asynchronous Control Signals Information
            8.4.3) Timing Summary
            8.4.4) Timing Details
            8.4.5) Cross Clock Domains Report


=========================================================================
*                      Synthesis Options Summary                        *
=========================================================================
---- Source Parameters
Input File Name                    : "USART_Synchronizer.prj"
Ignore Synthesis Constraint File   : NO

---- Target Parameters
Output File Name                   : "USART_Synchronizer"
Output Format                      : NGC
Target Device                      : xc6slx9-2-tqg144

---- Source Options
Top Module Name                    : USART_Synchronizer
Automatic FSM Extraction           : YES
FSM Encoding Algorithm             : Auto
Safe Implementation                : No
FSM Style                          : LUT
RAM Extraction                     : Yes
RAM Style                          : Auto
ROM Extraction                     : Yes
Shift Register Extraction          : YES
ROM Style                          : Auto
Resource Sharing                   : YES
Asynchronous To Synchronous        : NO
Shift Register Minimum Size        : 2
Use DSP Block                      : Auto
Automatic Register Balancing       : No

---- Target Options
LUT Combining                      : Auto
Reduce Control Sets                : Auto
Add IO Buffers                     : YES
Global Maximum Fanout              : 100000
Add Generic Clock Buffer(BUFG)     : 16
Register Duplication               : YES
Optimize Instantiated Primitives   : NO
Use Clock Enable                   : Auto
Use Synchronous Set                : Auto
Use Synchronous Reset              : Auto
Pack IO Registers into IOBs        : Auto
Equivalent register Removal        : YES

---- General Options
Optimization Goal                  : Speed
Optimization Effort                : 1
Power Reduction                    : NO
Keep Hierarchy                     : No
Netlist Hierarchy                  : As_Optimized
RTL Output                         : Yes
Global Optimization                : AllClockNets
Read Cores                         : YES
Write Timing Constraints           : NO
Cross Clock Analysis               : NO
Hierarchy Separator                : /
Bus Delimiter                      : <>
Case Specifier                     : Maintain
Slice Utilization Ratio            : 100
BRAM Utilization Ratio             : 100
DSP48 Utilization Ratio            : 100
Auto BRAM Packing                  : NO
Slice Utilization Ratio Delta      : 5

=========================================================================


=========================================================================
*                          HDL Parsing                                  *
=========================================================================
Parsing VHDL file "E:\FileProject\ISE Project\USART_RX_TX\USART_Synchronizer.vhd" into library work
Parsing entity <USART_Synchronizer>.
Parsing architecture <Behavioral> of entity <usart_synchronizer>.

=========================================================================
*                            HDL Elaboration                            *
=========================================================================

Elaborating entity <USART_Synchronizer> (architecture <Behavioral>) from library <work>.

=========================================================================
*                           HDL Synthesis                               *
=========================================================================

Synthesizing Unit <USART_Synchronizer>.
    Related source file is "E:\FileProject\ISE Project\USART_RX_TX\USART_Synchronizer.vhd".
    Found 1-bit register for signal <r_witing>.
    Summary:
	inferred   1 D-type flip-flop(s).
	inferred   1 Multiplexer(s).
Unit <USART_Synchronizer> synthesized.

=========================================================================
HDL Synthesis Report

Macro Statistics
# Registers                                            : 1
 1-bit register                                        : 1
# Multiplexers                                         : 1
 1-bit 2-to-1 multiplexer                              : 1

=========================================================================

=========================================================================
*                       Advanced HDL Synthesis                          *
=========================================================================


=========================================================================
Advanced HDL Synthesis Report

Macro Statistics
# Registers                                            : 1
 Flip-Flops                                            : 1

=========================================================================

=========================================================================
*                         Low Level Synthesis                           *
=========================================================================

Optimizing unit <USART_Synchronizer> ...

Mapping all equations...
Building and optimizing final netlist ...
Found area constraint ratio of 100 (+ 5) on block USART_Synchronizer, actual ratio is 0.

Final Macro Processing ...

=========================================================================
Final Register Report

Macro Statistics
# Registers                                            : 1
 Flip-Flops                                            : 1

=========================================================================

=========================================================================
*                           Partition Report                            *
=========================================================================

Partition Implementation Status
-------------------------------

  No Partitions were found in this design.

-------------------------------

=========================================================================
*                            Design Summary                             *
=========================================================================

Top Level Output File Name         : USART_Synchronizer.ngc

Primitive and Black Box Usage:
------------------------------
# BELS                             : 2
#      LUT2                        : 1
#      LUT4                        : 1
# FlipFlops/Latches                : 1
#      FD                          : 1
# Clock Buffers                    : 1
#      BUFGP                       : 1
# IO Buffers                       : 4
#      IBUF                        : 3
#      OBUF                        : 1

Device utilization summary:
---------------------------

Selected Device : 6slx9tqg144-2 


Slice Logic Utilization: 
 Number of Slice Registers:               1  out of  11440     0%  
 Number of Slice LUTs:                    2  out of   5720     0%  
    Number used as Logic:                 2  out of   5720     0%  

Slice Logic Distribution: 
 Number of LUT Flip Flop pairs used:      3
   Number with an unused Flip Flop:       2  out of      3    66%  
   Number with an unused LUT:             1  out of      3    33%  
   Number of fully used LUT-FF pairs:     0  out of      3     0%  
   Number of unique control sets:         1

IO Utilization: 
 Number of IOs:                           5
 Number of bonded IOBs:                   5  out of    102     4%  

Specific Feature Utilization:
 Number of BUFG/BUFGCTRLs:                1  out of     16     6%  

---------------------------
Partition Resource Summary:
---------------------------

  No Partitions were found in this design.

---------------------------


=========================================================================
Timing Report

NOTE: THESE TIMING NUMBERS ARE ONLY A SYNTHESIS ESTIMATE.
      FOR ACCURATE TIMING INFORMATION PLEASE REFER TO THE TRACE REPORT
      GENERATED AFTER PLACE-and-ROUTE.

Clock Information:
------------------
-----------------------------------+------------------------+-------+
Clock Signal                       | Clock buffer(FF name)  | Load  |
-----------------------------------+------------------------+-------+
i_clk                              | BUFGP                  | 1     |
-----------------------------------+------------------------+-------+

Asynchronous Control Signals Information:
----------------------------------------
No asynchronous control signals found in this design

Timing Summary:
---------------
Speed Grade: -2

   Minimum period: 1.579ns (Maximum Frequency: 633.312MHz)
   Minimum input arrival time before clock: 2.614ns
   Maximum output required time after clock: 5.202ns
   Maximum combinational path delay: 5.901ns

Timing Details:
---------------
All values displayed in nanoseconds (ns)

=========================================================================
Timing constraint: Default period analysis for Clock 'i_clk'
  Clock period: 1.579ns (frequency: 633.312MHz)
  Total number of paths / destination ports: 1 / 1
-------------------------------------------------------------------------
Delay:               1.579ns (Levels of Logic = 1)
  Source:            r_witing (FF)
  Destination:       r_witing (FF)
  Source Clock:      i_clk rising
  Destination Clock: i_clk rising

  Data Path: r_witing to r_witing
                                Gate     Net
    Cell:in->out      fanout   Delay   Delay  Logical Name (Net Name)
    ----------------------------------------  ------------
     FD:C->Q               2   0.525   0.726  r_witing (r_witing)
     LUT4:I3->O            1   0.254   0.000  r_witing_rstpot (r_witing_rstpot)
     FD:D                      0.074          r_witing
    ----------------------------------------
    Total                      1.579ns (0.853ns logic, 0.726ns route)
                                       (54.0% logic, 46.0% route)

=========================================================================
Timing constraint: Default OFFSET IN BEFORE for Clock 'i_clk'
  Total number of paths / destination ports: 3 / 1
-------------------------------------------------------------------------
Offset:              2.614ns (Levels of Logic = 2)
  Source:            i_tx_transmit_finished (PAD)
  Destination:       r_witing (FF)
  Destination Clock: i_clk rising

  Data Path: i_tx_transmit_finished to r_witing
                                Gate     Net
    Cell:in->out      fanout   Delay   Delay  Logical Name (Net Name)
    ----------------------------------------  ------------
     IBUF:I->O             1   1.328   0.958  i_tx_transmit_finished_IBUF (i_tx_transmit_finished_IBUF)
     LUT4:I0->O            1   0.254   0.000  r_witing_rstpot (r_witing_rstpot)
     FD:D                      0.074          r_witing
    ----------------------------------------
    Total                      2.614ns (1.656ns logic, 0.958ns route)
                                       (63.4% logic, 36.6% route)

=========================================================================
Timing constraint: Default OFFSET OUT AFTER for Clock 'i_clk'
  Total number of paths / destination ports: 1 / 1
-------------------------------------------------------------------------
Offset:              5.202ns (Levels of Logic = 2)
  Source:            r_witing (FF)
  Destination:       o_tx_start (PAD)
  Source Clock:      i_clk rising

  Data Path: r_witing to o_tx_start
                                Gate     Net
    Cell:in->out      fanout   Delay   Delay  Logical Name (Net Name)
    ----------------------------------------  ------------
     FD:C->Q               2   0.525   0.834  r_witing (r_witing)
     LUT2:I0->O            1   0.250   0.681  Mmux_o_tx_start11 (o_tx_start_OBUF)
     OBUF:I->O                 2.912          o_tx_start_OBUF (o_tx_start)
    ----------------------------------------
    Total                      5.202ns (3.687ns logic, 1.515ns route)
                                       (70.9% logic, 29.1% route)

=========================================================================
Timing constraint: Default path analysis
  Total number of paths / destination ports: 1 / 1
-------------------------------------------------------------------------
Delay:               5.901ns (Levels of Logic = 3)
  Source:            i_rx_valid (PAD)
  Destination:       o_tx_start (PAD)

  Data Path: i_rx_valid to o_tx_start
                                Gate     Net
    Cell:in->out      fanout   Delay   Delay  Logical Name (Net Name)
    ----------------------------------------  ------------
     IBUF:I->O             2   1.328   0.726  i_rx_valid_IBUF (i_rx_valid_IBUF)
     LUT2:I1->O            1   0.254   0.681  Mmux_o_tx_start11 (o_tx_start_OBUF)
     OBUF:I->O                 2.912          o_tx_start_OBUF (o_tx_start)
    ----------------------------------------
    Total                      5.901ns (4.494ns logic, 1.407ns route)
                                       (76.2% logic, 23.8% route)

=========================================================================

Cross Clock Domains Report:
--------------------------

Clock to Setup on destination clock i_clk
---------------+---------+---------+---------+---------+
               | Src:Rise| Src:Fall| Src:Rise| Src:Fall|
Source Clock   |Dest:Rise|Dest:Rise|Dest:Fall|Dest:Fall|
---------------+---------+---------+---------+---------+
i_clk          |    1.579|         |         |         |
---------------+---------+---------+---------+---------+

=========================================================================


Total REAL time to Xst completion: 33.00 secs
Total CPU time to Xst completion: 33.16 secs
 
--> 

Total memory usage is 4516812 kilobytes

Number of errors   :    0 (   0 filtered)
Number of warnings :    0 (   0 filtered)
Number of infos    :    0 (   0 filtered)

