Running: fuse.exe -relaunch -intstyle "ise" -incremental -lib "secureip" -o "E:/FileProject/ISE Project/SPI_Master/tb5_isim_beh.exe" -prj "E:/FileProject/ISE Project/SPI_Master/tb5_beh.prj" "work.tb5" 
ISim P.20131013 (signature 0x7708f090)
Number of CPUs detected in this system: 2
Turning on mult-threading, number of parallel sub-compilation jobs: 4 
Determining compilation order of HDL files
Parsing VHDL file "E:/FileProject/ISE Project/SPI_Master/SPI_Master.vhd" into library work
Parsing VHDL file "E:/FileProject/ISE Project/SPI_Master/tb5.vhd" into library work
Starting static elaboration
Completed static elaboration
Compiling package standard
Compiling package std_logic_1164
Compiling package numeric_std
Compiling architecture behavioral of entity SPI_Master [\SPI_Master(7)\]
Compiling architecture behavior of entity tb5
Time Resolution for simulation is 1ps.
Waiting for 1 sub-compilation(s) to finish...
Compiled 6 VHDL Units
Built simulation executable E:/FileProject/ISE Project/SPI_Master/tb5_isim_beh.exe
Fuse Memory Usage: 35656 KB
Fuse CPU Usage: 3500 ms
