Release 14.7 - xst P.20131013 (nt64)
Copyright (c) 1995-2013 Xilinx, Inc.  All rights reserved.
--> Parameter TMPDIR set to xst/projnav.tmp


Total REAL time to Xst completion: 1.00 secs
Total CPU time to Xst completion: 0.86 secs
 
--> Parameter xsthdpdir set to xst


Total REAL time to Xst completion: 1.00 secs
Total CPU time to Xst completion: 0.88 secs
 
--> Reading design: Shift_Register.prj

TABLE OF CONTENTS
  1) Synthesis Options Summary
  2) HDL Parsing
  3) HDL Elaboration
  4) HDL Synthesis
       4.1) HDL Synthesis Report
  5) Advanced HDL Synthesis
       5.1) Advanced HDL Synthesis Report
  6) Low Level Synthesis
  7) Partition Report
  8) Design Summary
       8.1) Primitive and Black Box Usage
       8.2) Device utilization summary
       8.3) Partition Resource Summary
       8.4) Timing Report
            8.4.1) Clock Information
            8.4.2) Asynchronous Control Signals Information
            8.4.3) Timing Summary
            8.4.4) Timing Details
            8.4.5) Cross Clock Domains Report


=========================================================================
*                      Synthesis Options Summary                        *
=========================================================================
---- Source Parameters
Input File Name                    : "Shift_Register.prj"
Ignore Synthesis Constraint File   : NO

---- Target Parameters
Output File Name                   : "Shift_Register"
Output Format                      : NGC
Target Device                      : xc6slx9-2-tqg144

---- Source Options
Top Module Name                    : Shift_Register
Automatic FSM Extraction           : YES
FSM Encoding Algorithm             : Auto
Safe Implementation                : No
FSM Style                          : LUT
RAM Extraction                     : Yes
RAM Style                          : Auto
ROM Extraction                     : Yes
Shift Register Extraction          : YES
ROM Style                          : Auto
Resource Sharing                   : YES
Asynchronous To Synchronous        : NO
Shift Register Minimum Size        : 2
Use DSP Block                      : Auto
Automatic Register Balancing       : No

---- Target Options
LUT Combining                      : Auto
Reduce Control Sets                : Auto
Add IO Buffers                     : YES
Global Maximum Fanout              : 100000
Add Generic Clock Buffer(BUFG)     : 16
Register Duplication               : YES
Optimize Instantiated Primitives   : NO
Use Clock Enable                   : Auto
Use Synchronous Set                : Auto
Use Synchronous Reset              : Auto
Pack IO Registers into IOBs        : Auto
Equivalent register Removal        : YES

---- General Options
Optimization Goal                  : Speed
Optimization Effort                : 1
Power Reduction                    : NO
Keep Hierarchy                     : No
Netlist Hierarchy                  : As_Optimized
RTL Output                         : Yes
Global Optimization                : AllClockNets
Read Cores                         : YES
Write Timing Constraints           : NO
Cross Clock Analysis               : NO
Hierarchy Separator                : /
Bus Delimiter                      : <>
Case Specifier                     : Maintain
Slice Utilization Ratio            : 100
BRAM Utilization Ratio             : 100
DSP48 Utilization Ratio            : 100
Auto BRAM Packing                  : NO
Slice Utilization Ratio Delta      : 5

---- Other Options
Cores Search Directories           : {"ipcore_dir"  }

=========================================================================


=========================================================================
*                          HDL Parsing                                  *
=========================================================================
Parsing VHDL file "E:\FileProject\ISE Project\SPI_Master\Shift_Register.vhd" into library work
Parsing entity <Shift_Register>.
Parsing architecture <Behavioral> of entity <shift_register>.

=========================================================================
*                            HDL Elaboration                            *
=========================================================================

Elaborating entity <Shift_Register> (architecture <Behavioral>) with generics from library <work>.

=========================================================================
*                           HDL Synthesis                               *
=========================================================================

Synthesizing Unit <Shift_Register>.
    Related source file is "E:\FileProject\ISE Project\SPI_Master\Shift_Register.vhd".
        g_number_bit = 7
WARNING:Xst:647 - Input <i_parallel_transmit> is never used. This port will be preserved and left unconnected if it belongs to a top-level block or it belongs to a sub-block and the hierarchy of this sub-block is preserved.
WARNING:Xst:647 - Input <i_en_transmit> is never used. This port will be preserved and left unconnected if it belongs to a top-level block or it belongs to a sub-block and the hierarchy of this sub-block is preserved.
WARNING:Xst:647 - Input <i_en_reseive> is never used. This port will be preserved and left unconnected if it belongs to a top-level block or it belongs to a sub-block and the hierarchy of this sub-block is preserved.
    Found 8-bit register for signal <r_parallel_reseive>.
    Found 8-bit register for signal <r_shift_register>.
    Summary:
	inferred  16 D-type flip-flop(s).
Unit <Shift_Register> synthesized.

=========================================================================
HDL Synthesis Report

Macro Statistics
# Registers                                            : 2
 8-bit register                                        : 2

=========================================================================

=========================================================================
*                       Advanced HDL Synthesis                          *
=========================================================================


=========================================================================
Advanced HDL Synthesis Report

Macro Statistics
# Registers                                            : 16
 Flip-Flops                                            : 16

=========================================================================

=========================================================================
*                         Low Level Synthesis                           *
=========================================================================
INFO:Xst:2261 - The FF/Latch <r_shift_register_1> in Unit <Shift_Register> is equivalent to the following FF/Latch, which will be removed : <r_parallel_reseive_0> 
INFO:Xst:2261 - The FF/Latch <r_shift_register_2> in Unit <Shift_Register> is equivalent to the following FF/Latch, which will be removed : <r_parallel_reseive_1> 
INFO:Xst:2261 - The FF/Latch <r_shift_register_3> in Unit <Shift_Register> is equivalent to the following FF/Latch, which will be removed : <r_parallel_reseive_2> 
INFO:Xst:2261 - The FF/Latch <r_shift_register_4> in Unit <Shift_Register> is equivalent to the following FF/Latch, which will be removed : <r_parallel_reseive_3> 
INFO:Xst:2261 - The FF/Latch <r_shift_register_5> in Unit <Shift_Register> is equivalent to the following FF/Latch, which will be removed : <r_parallel_reseive_4> 
INFO:Xst:2261 - The FF/Latch <r_shift_register_6> in Unit <Shift_Register> is equivalent to the following FF/Latch, which will be removed : <r_parallel_reseive_5> 
INFO:Xst:2261 - The FF/Latch <r_shift_register_7> in Unit <Shift_Register> is equivalent to the following FF/Latch, which will be removed : <r_parallel_reseive_6> 

Optimizing unit <Shift_Register> ...

Mapping all equations...
Building and optimizing final netlist ...
Found area constraint ratio of 100 (+ 5) on block Shift_Register, actual ratio is 0.

Final Macro Processing ...

Processing Unit <Shift_Register> :
	Found 2-bit shift register for signal <r_shift_register_1>.
Unit <Shift_Register> processed.

=========================================================================
Final Register Report

Macro Statistics
# Registers                                            : 7
 Flip-Flops                                            : 7
# Shift Registers                                      : 1
 2-bit shift register                                  : 1

=========================================================================

=========================================================================
*                           Partition Report                            *
=========================================================================

Partition Implementation Status
-------------------------------

  No Partitions were found in this design.

-------------------------------

=========================================================================
*                            Design Summary                             *
=========================================================================

Top Level Output File Name         : Shift_Register.ngc

Primitive and Black Box Usage:
------------------------------
# BELS                             : 2
#      GND                         : 1
#      VCC                         : 1
# FlipFlops/Latches                : 8
#      FD                          : 7
#      FDE                         : 1
# Shift Registers                  : 1
#      SRLC16E                     : 1
# Clock Buffers                    : 1
#      BUFGP                       : 1
# IO Buffers                       : 10
#      IBUF                        : 1
#      OBUF                        : 9

Device utilization summary:
---------------------------

Selected Device : 6slx9tqg144-2 


Slice Logic Utilization: 
 Number of Slice Registers:               8  out of  11440     0%  
 Number of Slice LUTs:                    1  out of   5720     0%  
    Number used as Memory:                1  out of   1440     0%  
       Number used as SRL:                1

Slice Logic Distribution: 
 Number of LUT Flip Flop pairs used:      9
   Number with an unused Flip Flop:       1  out of      9    11%  
   Number with an unused LUT:             8  out of      9    88%  
   Number of fully used LUT-FF pairs:     0  out of      9     0%  
   Number of unique control sets:         2

IO Utilization: 
 Number of IOs:                          21
 Number of bonded IOBs:                  11  out of    102    10%  

Specific Feature Utilization:
 Number of BUFG/BUFGCTRLs:                1  out of     16     6%  

---------------------------
Partition Resource Summary:
---------------------------

  No Partitions were found in this design.

---------------------------


=========================================================================
Timing Report

NOTE: THESE TIMING NUMBERS ARE ONLY A SYNTHESIS ESTIMATE.
      FOR ACCURATE TIMING INFORMATION PLEASE REFER TO THE TRACE REPORT
      GENERATED AFTER PLACE-and-ROUTE.

Clock Information:
------------------
-----------------------------------+------------------------+-------+
Clock Signal                       | Clock buffer(FF name)  | Load  |
-----------------------------------+------------------------+-------+
clk                                | BUFGP                  | 9     |
-----------------------------------+------------------------+-------+

Asynchronous Control Signals Information:
----------------------------------------
No asynchronous control signals found in this design

Timing Summary:
---------------
Speed Grade: -2

   Minimum period: 1.820ns (Maximum Frequency: 549.451MHz)
   Minimum input arrival time before clock: 2.009ns
   Maximum output required time after clock: 4.202ns
   Maximum combinational path delay: No path found

Timing Details:
---------------
All values displayed in nanoseconds (ns)

=========================================================================
Timing constraint: Default period analysis for Clock 'clk'
  Clock period: 1.820ns (frequency: 549.451MHz)
  Total number of paths / destination ports: 8 / 8
-------------------------------------------------------------------------
Delay:               1.820ns (Levels of Logic = 0)
  Source:            Mshreg_r_shift_register_1 (FF)
  Destination:       r_shift_register_1 (FF)
  Source Clock:      clk rising
  Destination Clock: clk rising

  Data Path: Mshreg_r_shift_register_1 to r_shift_register_1
                                Gate     Net
    Cell:in->out      fanout   Delay   Delay  Logical Name (Net Name)
    ----------------------------------------  ------------
     SRLC16E:CLK->Q        1   1.746   0.000  Mshreg_r_shift_register_1 (Mshreg_r_shift_register_1)
     FDE:D                     0.074          r_shift_register_1
    ----------------------------------------
    Total                      1.820ns (1.820ns logic, 0.000ns route)
                                       (100.0% logic, 0.0% route)

=========================================================================
Timing constraint: Default OFFSET IN BEFORE for Clock 'clk'
  Total number of paths / destination ports: 1 / 1
-------------------------------------------------------------------------
Offset:              2.009ns (Levels of Logic = 1)
  Source:            i_miso (PAD)
  Destination:       Mshreg_r_shift_register_1 (FF)
  Destination Clock: clk rising

  Data Path: i_miso to Mshreg_r_shift_register_1
                                Gate     Net
    Cell:in->out      fanout   Delay   Delay  Logical Name (Net Name)
    ----------------------------------------  ------------
     IBUF:I->O             1   1.328   0.681  i_miso_IBUF (i_miso_IBUF)
     SRLC16E:D                -0.060          Mshreg_r_shift_register_1
    ----------------------------------------
    Total                      2.009ns (1.328ns logic, 0.681ns route)
                                       (66.1% logic, 33.9% route)

=========================================================================
Timing constraint: Default OFFSET OUT AFTER for Clock 'clk'
  Total number of paths / destination ports: 9 / 9
-------------------------------------------------------------------------
Offset:              4.202ns (Levels of Logic = 1)
  Source:            r_shift_register_7 (FF)
  Destination:       o_parallel_reseive<6> (PAD)
  Source Clock:      clk rising

  Data Path: r_shift_register_7 to o_parallel_reseive<6>
                                Gate     Net
    Cell:in->out      fanout   Delay   Delay  Logical Name (Net Name)
    ----------------------------------------  ------------
     FD:C->Q               3   0.525   0.765  r_shift_register_7 (r_shift_register_7)
     OBUF:I->O                 2.912          o_parallel_reseive_6_OBUF (o_parallel_reseive<6>)
    ----------------------------------------
    Total                      4.202ns (3.437ns logic, 0.765ns route)
                                       (81.8% logic, 18.2% route)

=========================================================================

Cross Clock Domains Report:
--------------------------

Clock to Setup on destination clock clk
---------------+---------+---------+---------+---------+
               | Src:Rise| Src:Fall| Src:Rise| Src:Fall|
Source Clock   |Dest:Rise|Dest:Rise|Dest:Fall|Dest:Fall|
---------------+---------+---------+---------+---------+
clk            |    1.820|         |         |         |
---------------+---------+---------+---------+---------+

=========================================================================


Total REAL time to Xst completion: 31.00 secs
Total CPU time to Xst completion: 31.31 secs
 
--> 

Total memory usage is 4516812 kilobytes

Number of errors   :    0 (   0 filtered)
Number of warnings :    3 (   0 filtered)
Number of infos    :    7 (   0 filtered)

