Release 14.7 - xst P.20131013 (nt64)
Copyright (c) 1995-2013 Xilinx, Inc.  All rights reserved.
--> Parameter TMPDIR set to xst/projnav.tmp


Total REAL time to Xst completion: 1.00 secs
Total CPU time to Xst completion: 1.02 secs
 
--> Parameter xsthdpdir set to xst


Total REAL time to Xst completion: 1.00 secs
Total CPU time to Xst completion: 1.03 secs
 
--> Reading design: SPI_Master.prj

TABLE OF CONTENTS
  1) Synthesis Options Summary
  2) HDL Parsing
  3) HDL Elaboration
  4) HDL Synthesis
       4.1) HDL Synthesis Report
  5) Advanced HDL Synthesis
       5.1) Advanced HDL Synthesis Report
  6) Low Level Synthesis
  7) Partition Report
  8) Design Summary
       8.1) Primitive and Black Box Usage
       8.2) Device utilization summary
       8.3) Partition Resource Summary
       8.4) Timing Report
            8.4.1) Clock Information
            8.4.2) Asynchronous Control Signals Information
            8.4.3) Timing Summary
            8.4.4) Timing Details
            8.4.5) Cross Clock Domains Report


=========================================================================
*                      Synthesis Options Summary                        *
=========================================================================
---- Source Parameters
Input File Name                    : "SPI_Master.prj"
Ignore Synthesis Constraint File   : NO

---- Target Parameters
Output File Name                   : "SPI_Master"
Output Format                      : NGC
Target Device                      : xc6slx9-2-tqg144

---- Source Options
Top Module Name                    : SPI_Master
Automatic FSM Extraction           : YES
FSM Encoding Algorithm             : Auto
Safe Implementation                : No
FSM Style                          : LUT
RAM Extraction                     : Yes
RAM Style                          : Auto
ROM Extraction                     : Yes
Shift Register Extraction          : YES
ROM Style                          : Auto
Resource Sharing                   : YES
Asynchronous To Synchronous        : NO
Shift Register Minimum Size        : 2
Use DSP Block                      : Auto
Automatic Register Balancing       : No

---- Target Options
LUT Combining                      : Auto
Reduce Control Sets                : Auto
Add IO Buffers                     : YES
Global Maximum Fanout              : 100000
Add Generic Clock Buffer(BUFG)     : 16
Register Duplication               : YES
Optimize Instantiated Primitives   : NO
Use Clock Enable                   : Auto
Use Synchronous Set                : Auto
Use Synchronous Reset              : Auto
Pack IO Registers into IOBs        : Auto
Equivalent register Removal        : YES

---- General Options
Optimization Goal                  : Speed
Optimization Effort                : 1
Power Reduction                    : NO
Keep Hierarchy                     : No
Netlist Hierarchy                  : As_Optimized
RTL Output                         : Yes
Global Optimization                : AllClockNets
Read Cores                         : YES
Write Timing Constraints           : NO
Cross Clock Analysis               : NO
Hierarchy Separator                : /
Bus Delimiter                      : <>
Case Specifier                     : Maintain
Slice Utilization Ratio            : 100
BRAM Utilization Ratio             : 100
DSP48 Utilization Ratio            : 100
Auto BRAM Packing                  : NO
Slice Utilization Ratio Delta      : 5

---- Other Options
Cores Search Directories           : {"ipcore_dir"  }

=========================================================================


=========================================================================
*                          HDL Parsing                                  *
=========================================================================
Parsing VHDL file "E:\FileProject\ISE Project\SPI_Master\SPI_Master.vhd" into library work
Parsing entity <SPI_Master>.
Parsing architecture <Behavioral> of entity <spi_master>.

=========================================================================
*                            HDL Elaboration                            *
=========================================================================

Elaborating entity <SPI_Master> (architecture <Behavioral>) with generics from library <work>.
WARNING:HDLCompiler:92 - "E:\FileProject\ISE Project\SPI_Master\SPI_Master.vhd" Line 32: i_start_transmit should be on the sensitivity list of the process

=========================================================================
*                           HDL Synthesis                               *
=========================================================================

Synthesizing Unit <SPI_Master>.
    Related source file is "E:\FileProject\ISE Project\SPI_Master\SPI_Master.vhd".
        g_number_bit = 7
    Found 3-bit register for signal <r_conter_bit_reseive>.
    Found 8-bit register for signal <r_parallel_reseive>.
    Found 3-bit register for signal <r_conter_bit_transmit>.
    Found 1-bit register for signal <o_mosi>.
    Found 1-bit register for signal <r_sclk>.
    Found 3-bit adder for signal <r_conter_bit_reseive[2]_GND_4_o_add_2_OUT> created at line 37.
    Found 3-bit adder for signal <r_conter_bit_transmit[2]_GND_4_o_add_8_OUT> created at line 46.
    Found 1-bit 8-to-1 multiplexer for signal <r_conter_bit_transmit[2]_r_parallel_transmit[7]_Mux_9_o> created at line 47.
    Summary:
	inferred   2 Adder/Subtractor(s).
	inferred  16 D-type flip-flop(s).
	inferred   9 Multiplexer(s).
Unit <SPI_Master> synthesized.

=========================================================================
HDL Synthesis Report

Macro Statistics
# Adders/Subtractors                                   : 2
 3-bit adder                                           : 2
# Registers                                            : 5
 1-bit register                                        : 2
 3-bit register                                        : 2
 8-bit register                                        : 1
# Multiplexers                                         : 9
 1-bit 2-to-1 multiplexer                              : 8
 1-bit 8-to-1 multiplexer                              : 1

=========================================================================

=========================================================================
*                       Advanced HDL Synthesis                          *
=========================================================================


Synthesizing (advanced) Unit <SPI_Master>.
The following registers are absorbed into counter <r_conter_bit_reseive>: 1 register on signal <r_conter_bit_reseive>.
The following registers are absorbed into counter <r_conter_bit_transmit>: 1 register on signal <r_conter_bit_transmit>.
Unit <SPI_Master> synthesized (advanced).

=========================================================================
Advanced HDL Synthesis Report

Macro Statistics
# Counters                                             : 2
 3-bit up counter                                      : 2
# Registers                                            : 10
 Flip-Flops                                            : 10
# Multiplexers                                         : 9
 1-bit 2-to-1 multiplexer                              : 8
 1-bit 8-to-1 multiplexer                              : 1

=========================================================================

=========================================================================
*                         Low Level Synthesis                           *
=========================================================================

Optimizing unit <SPI_Master> ...

Mapping all equations...
Building and optimizing final netlist ...
Found area constraint ratio of 100 (+ 5) on block SPI_Master, actual ratio is 0.

Final Macro Processing ...

=========================================================================
Final Register Report

Macro Statistics
# Registers                                            : 16
 Flip-Flops                                            : 16

=========================================================================

=========================================================================
*                           Partition Report                            *
=========================================================================

Partition Implementation Status
-------------------------------

  No Partitions were found in this design.

-------------------------------

=========================================================================
*                            Design Summary                             *
=========================================================================

Top Level Output File Name         : SPI_Master.ngc

Primitive and Black Box Usage:
------------------------------
# BELS                             : 20
#      INV                         : 2
#      LUT2                        : 1
#      LUT3                        : 2
#      LUT4                        : 2
#      LUT5                        : 2
#      LUT6                        : 10
#      MUXF7                       : 1
# FlipFlops/Latches                : 16
#      FD                          : 6
#      FDE_1                       : 10
# Clock Buffers                    : 1
#      BUFGP                       : 1
# IO Buffers                       : 19
#      IBUF                        : 10
#      OBUF                        : 9

Device utilization summary:
---------------------------

Selected Device : 6slx9tqg144-2 


Slice Logic Utilization: 
 Number of Slice Registers:              16  out of  11440     0%  
 Number of Slice LUTs:                   19  out of   5720     0%  
    Number used as Logic:                19  out of   5720     0%  

Slice Logic Distribution: 
 Number of LUT Flip Flop pairs used:     19
   Number with an unused Flip Flop:       3  out of     19    15%  
   Number with an unused LUT:             0  out of     19     0%  
   Number of fully used LUT-FF pairs:    16  out of     19    84%  
   Number of unique control sets:         4

IO Utilization: 
 Number of IOs:                          20
 Number of bonded IOBs:                  20  out of    102    19%  

Specific Feature Utilization:
 Number of BUFG/BUFGCTRLs:                1  out of     16     6%  

---------------------------
Partition Resource Summary:
---------------------------

  No Partitions were found in this design.

---------------------------


=========================================================================
Timing Report

NOTE: THESE TIMING NUMBERS ARE ONLY A SYNTHESIS ESTIMATE.
      FOR ACCURATE TIMING INFORMATION PLEASE REFER TO THE TRACE REPORT
      GENERATED AFTER PLACE-and-ROUTE.

Clock Information:
------------------
-----------------------------------+------------------------+-------+
Clock Signal                       | Clock buffer(FF name)  | Load  |
-----------------------------------+------------------------+-------+
i_clk                              | BUFGP                  | 16    |
-----------------------------------+------------------------+-------+

Asynchronous Control Signals Information:
----------------------------------------
No asynchronous control signals found in this design

Timing Summary:
---------------
Speed Grade: -2

   Minimum period: 2.944ns (Maximum Frequency: 339.674MHz)
   Minimum input arrival time before clock: 3.851ns
   Maximum output required time after clock: 4.162ns
   Maximum combinational path delay: No path found

Timing Details:
---------------
All values displayed in nanoseconds (ns)

=========================================================================
Timing constraint: Default period analysis for Clock 'i_clk'
  Clock period: 2.944ns (frequency: 339.674MHz)
  Total number of paths / destination ports: 65 / 25
-------------------------------------------------------------------------
Delay:               2.944ns (Levels of Logic = 1)
  Source:            r_sclk (FF)
  Destination:       o_mosi (FF)
  Source Clock:      i_clk falling
  Destination Clock: i_clk falling

  Data Path: r_sclk to o_mosi
                                Gate     Net
    Cell:in->out      fanout   Delay   Delay  Logical Name (Net Name)
    ----------------------------------------  ------------
     FDE_1:C->Q           16   0.525   1.182  r_sclk (r_sclk)
     LUT2:I1->O            1   0.254   0.681  _n0069_inv1 (_n0069_inv)
     FDE_1:CE                  0.302          o_mosi
    ----------------------------------------
    Total                      2.944ns (1.081ns logic, 1.863ns route)
                                       (36.7% logic, 63.3% route)

=========================================================================
Timing constraint: Default OFFSET IN BEFORE for Clock 'i_clk'
  Total number of paths / destination ports: 32 / 17
-------------------------------------------------------------------------
Offset:              3.851ns (Levels of Logic = 2)
  Source:            i_start_transmit (PAD)
  Destination:       o_mosi (FF)
  Destination Clock: i_clk falling

  Data Path: i_start_transmit to o_mosi
                                Gate     Net
    Cell:in->out      fanout   Delay   Delay  Logical Name (Net Name)
    ----------------------------------------  ------------
     IBUF:I->O            16   1.328   1.290  i_start_transmit_IBUF (i_start_transmit_IBUF)
     LUT2:I0->O            1   0.250   0.681  _n0069_inv1 (_n0069_inv)
     FDE_1:CE                  0.302          o_mosi
    ----------------------------------------
    Total                      3.851ns (1.880ns logic, 1.971ns route)
                                       (48.8% logic, 51.2% route)

=========================================================================
Timing constraint: Default OFFSET OUT AFTER for Clock 'i_clk'
  Total number of paths / destination ports: 9 / 9
-------------------------------------------------------------------------
Offset:              4.162ns (Levels of Logic = 1)
  Source:            r_parallel_reseive_7 (FF)
  Destination:       o_parallel_reseive<7> (PAD)
  Source Clock:      i_clk falling

  Data Path: r_parallel_reseive_7 to o_parallel_reseive<7>
                                Gate     Net
    Cell:in->out      fanout   Delay   Delay  Logical Name (Net Name)
    ----------------------------------------  ------------
     FDE_1:C->Q            2   0.525   0.725  r_parallel_reseive_7 (r_parallel_reseive_7)
     OBUF:I->O                 2.912          o_parallel_reseive_7_OBUF (o_parallel_reseive<7>)
    ----------------------------------------
    Total                      4.162ns (3.437ns logic, 0.725ns route)
                                       (82.6% logic, 17.4% route)

=========================================================================

Cross Clock Domains Report:
--------------------------

Clock to Setup on destination clock i_clk
---------------+---------+---------+---------+---------+
               | Src:Rise| Src:Fall| Src:Rise| Src:Fall|
Source Clock   |Dest:Rise|Dest:Rise|Dest:Fall|Dest:Fall|
---------------+---------+---------+---------+---------+
i_clk          |         |         |    2.944|         |
---------------+---------+---------+---------+---------+

=========================================================================


Total REAL time to Xst completion: 39.00 secs
Total CPU time to Xst completion: 38.80 secs
 
--> 

Total memory usage is 4516812 kilobytes

Number of errors   :    0 (   0 filtered)
Number of warnings :    1 (   0 filtered)
Number of infos    :    0 (   0 filtered)

