INFO:sim:172 - Generating IP...
Applying current project options...
Finished applying current project options.
WARNING:sim - A core named 'DCM_IP' already exists in the project. Output
   products for this core may be overwritten.
Resolving generics for 'DCM_IP'...
WARNING:sim - A core named 'DCM_IP' already exists in the project. Output
   products for this core may be overwritten.
Applying external generics to 'DCM_IP'...
Delivering associated files for 'DCM_IP'...
WARNING:sim - Component clk_wiz_v3_6 does not have a valid model name for VHDL
   synthesis
Delivering EJava files for 'DCM_IP'...
Delivered 3 files into directory E:/FileProject/ISE
Project/SPI_Master/ipcore_dir/tmp/_cg/DCM_IP
Delivered 1 file into directory E:/FileProject/ISE
Project/SPI_Master/ipcore_dir/tmp/_cg/DCM_IP
Generating ASY schematic symbol...
Loading device for application Rf_Device from file '6slx9.nph' in environment
C:\Xilinx\14.7\ISE_DS\ISE\.
INFO:sim:949 - Finished generation of ASY schematic symbol.
Generating SYM schematic symbol for 'DCM_IP'...
Generating ISE project...
XCO file found: DCM_IP.xco
XMDF file found: DCM_IP_xmdf.tcl
Adding E:/FileProject/ISE Project/SPI_Master/ipcore_dir/tmp/_cg/DCM_IP.asy -view
all -origin_type imported
Adding E:/FileProject/ISE Project/SPI_Master/ipcore_dir/tmp/_cg/DCM_IP.ucf -view
all -origin_type created
Adding E:/FileProject/ISE Project/SPI_Master/ipcore_dir/tmp/_cg/DCM_IP.vhd -view
all -origin_type created
INFO:HDLCompiler:1061 - Parsing VHDL file "E:/FileProject/ISE
   Project/SPI_Master/ipcore_dir/tmp/_cg/DCM_IP.vhd" into library work
INFO:ProjectMgmt - Parsing design hierarchy completed successfully.
Adding E:/FileProject/ISE Project/SPI_Master/ipcore_dir/tmp/_cg/DCM_IP.vho -view
all -origin_type imported
INFO:TclTasksC:2116 - The automatic calculation of top has been turned-off.
   Please set the new top explicitly by running the "project set top" command.
   To re-calculate the new top automatically, set the "Auto Implementation Top"
   property to true.
Top level has been set to "/DCM_IP"
Generating README file...
Generating FLIST file...
INFO:sim:948 - Finished FLIST file generation.
Launching README viewer...
Moving files to output directory...
Finished moving files to output directory
Wrote CGP file for project 'DCM_IP'.
