Release 14.7 - xst P.20131013 (nt64)
Copyright (c) 1995-2013 Xilinx, Inc.  All rights reserved.
--> Parameter TMPDIR set to xst/projnav.tmp


Total REAL time to Xst completion: 1.00 secs
Total CPU time to Xst completion: 0.89 secs
 
--> Parameter xsthdpdir set to xst


Total REAL time to Xst completion: 1.00 secs
Total CPU time to Xst completion: 0.91 secs
 
--> Reading design: NumberTo7Segment.prj

TABLE OF CONTENTS
  1) Synthesis Options Summary
  2) HDL Parsing
  3) HDL Elaboration
  4) HDL Synthesis
       4.1) HDL Synthesis Report
  5) Advanced HDL Synthesis
       5.1) Advanced HDL Synthesis Report
  6) Low Level Synthesis
  7) Partition Report
  8) Design Summary
       8.1) Primitive and Black Box Usage
       8.2) Device utilization summary
       8.3) Partition Resource Summary
       8.4) Timing Report
            8.4.1) Clock Information
            8.4.2) Asynchronous Control Signals Information
            8.4.3) Timing Summary
            8.4.4) Timing Details
            8.4.5) Cross Clock Domains Report


=========================================================================
*                      Synthesis Options Summary                        *
=========================================================================
---- Source Parameters
Input File Name                    : "NumberTo7Segment.prj"
Ignore Synthesis Constraint File   : NO

---- Target Parameters
Output File Name                   : "NumberTo7Segment"
Output Format                      : NGC
Target Device                      : xc6slx9-2-tqg144

---- Source Options
Top Module Name                    : NumberTo7Segment
Automatic FSM Extraction           : YES
FSM Encoding Algorithm             : Auto
Safe Implementation                : No
FSM Style                          : LUT
RAM Extraction                     : Yes
RAM Style                          : Auto
ROM Extraction                     : Yes
Shift Register Extraction          : YES
ROM Style                          : Auto
Resource Sharing                   : YES
Asynchronous To Synchronous        : NO
Shift Register Minimum Size        : 2
Use DSP Block                      : Auto
Automatic Register Balancing       : No

---- Target Options
LUT Combining                      : Auto
Reduce Control Sets                : Auto
Add IO Buffers                     : YES
Global Maximum Fanout              : 100000
Add Generic Clock Buffer(BUFG)     : 16
Register Duplication               : YES
Optimize Instantiated Primitives   : NO
Use Clock Enable                   : Auto
Use Synchronous Set                : Auto
Use Synchronous Reset              : Auto
Pack IO Registers into IOBs        : Auto
Equivalent register Removal        : YES

---- General Options
Optimization Goal                  : Speed
Optimization Effort                : 1
Power Reduction                    : NO
Keep Hierarchy                     : No
Netlist Hierarchy                  : As_Optimized
RTL Output                         : Yes
Global Optimization                : AllClockNets
Read Cores                         : YES
Write Timing Constraints           : NO
Cross Clock Analysis               : NO
Hierarchy Separator                : /
Bus Delimiter                      : <>
Case Specifier                     : Maintain
Slice Utilization Ratio            : 100
BRAM Utilization Ratio             : 100
DSP48 Utilization Ratio            : 100
Auto BRAM Packing                  : NO
Slice Utilization Ratio Delta      : 5

=========================================================================


=========================================================================
*                          HDL Parsing                                  *
=========================================================================
Parsing VHDL file "E:\FileProject\ISE Project\Example\USART_RX\USART_RX\Multiplexer16To4.vhd" into library work
Parsing entity <Multiplexer16To4>.
Parsing architecture <Behavioral> of entity <multiplexer16to4>.
Parsing VHDL file "E:\FileProject\ISE Project\Example\USART_RX\USART_RX\Decoder2To4.vhd" into library work
Parsing entity <Decoder>.
Parsing architecture <Behavioral> of entity <decoder>.
Parsing VHDL file "E:\FileProject\ISE Project\Example\USART_RX\USART_RX\Counter.vhd" into library work
Parsing entity <Counter>.
Parsing architecture <Behavioral> of entity <counter>.
Parsing VHDL file "E:\FileProject\ISE Project\Example\USART_RX\USART_RX\BcdTo7Segment.vhd" into library work
Parsing entity <BcdTo7Segment>.
Parsing architecture <Behavioral> of entity <bcdto7segment>.
Parsing VHDL file "E:\FileProject\ISE Project\Example\USART_RX\USART_RX\NumberTo7Segment.vhd" into library work
Parsing entity <NumberTo7Segment>.
Parsing architecture <Behavioral> of entity <numberto7segment>.

=========================================================================
*                            HDL Elaboration                            *
=========================================================================

Elaborating entity <NumberTo7Segment> (architecture <Behavioral>) from library <work>.

Elaborating entity <BcdTo7Segment> (architecture <Behavioral>) from library <work>.
INFO:HDLCompiler:679 - "E:\FileProject\ISE Project\Example\USART_RX\USART_RX\BcdTo7Segment.vhd" Line 32. Case statement is complete. others clause is never selected

Elaborating entity <Multiplexer16To4> (architecture <Behavioral>) from library <work>.

Elaborating entity <Decoder> (architecture <Behavioral>) from library <work>.
INFO:HDLCompiler:679 - "E:\FileProject\ISE Project\Example\USART_RX\USART_RX\Decoder2To4.vhd" Line 19. Case statement is complete. others clause is never selected

Elaborating entity <Counter> (architecture <Behavioral>) from library <work>.

=========================================================================
*                           HDL Synthesis                               *
=========================================================================

Synthesizing Unit <NumberTo7Segment>.
    Related source file is "E:\FileProject\ISE Project\Example\USART_RX\USART_RX\NumberTo7Segment.vhd".
    Summary:
	no macro.
Unit <NumberTo7Segment> synthesized.

Synthesizing Unit <BcdTo7Segment>.
    Related source file is "E:\FileProject\ISE Project\Example\USART_RX\USART_RX\BcdTo7Segment.vhd".
    Found 16x7-bit Read Only RAM for signal <o_7segment>
    Summary:
	inferred   1 RAM(s).
Unit <BcdTo7Segment> synthesized.

Synthesizing Unit <Multiplexer16To4>.
    Related source file is "E:\FileProject\ISE Project\Example\USART_RX\USART_RX\Multiplexer16To4.vhd".
    Found 4-bit 4-to-1 multiplexer for signal <o_deta_bcd> created at line 4.
    Summary:
	inferred   1 Multiplexer(s).
Unit <Multiplexer16To4> synthesized.

Synthesizing Unit <Decoder>.
    Related source file is "E:\FileProject\ISE Project\Example\USART_RX\USART_RX\Decoder2To4.vhd".
    Found 4x4-bit Read Only RAM for signal <o_output_4bit>
    Summary:
	inferred   1 RAM(s).
Unit <Decoder> synthesized.

Synthesizing Unit <Counter>.
    Related source file is "E:\FileProject\ISE Project\Example\USART_RX\USART_RX\Counter.vhd".
    Found 2-bit register for signal <r_select_2bit>.
    Found 16-bit register for signal <r_counter>.
    Found 16-bit adder for signal <r_counter[15]_GND_12_o_add_1_OUT> created at line 1241.
    Found 2-bit adder for signal <r_select_2bit[1]_GND_12_o_add_3_OUT> created at line 1241.
    Summary:
	inferred   2 Adder/Subtractor(s).
	inferred  18 D-type flip-flop(s).
Unit <Counter> synthesized.

=========================================================================
HDL Synthesis Report

Macro Statistics
# RAMs                                                 : 2
 16x7-bit single-port Read Only RAM                    : 1
 4x4-bit single-port Read Only RAM                     : 1
# Adders/Subtractors                                   : 2
 16-bit adder                                          : 1
 2-bit adder                                           : 1
# Registers                                            : 2
 16-bit register                                       : 1
 2-bit register                                        : 1
# Multiplexers                                         : 1
 4-bit 4-to-1 multiplexer                              : 1

=========================================================================

=========================================================================
*                       Advanced HDL Synthesis                          *
=========================================================================


Synthesizing (advanced) Unit <BcdTo7Segment>.
INFO:Xst:3218 - HDL ADVISOR - The RAM <Mram_o_7segment> will be implemented on LUTs either because you have described an asynchronous read or because of currently unsupported block RAM features. If you have described an asynchronous read, making it synchronous would allow you to take advantage of available block RAM resources, for optimized device usage and improved timings. Please refer to your documentation for coding guidelines.
    -----------------------------------------------------------------------
    | ram_type           | Distributed                         |          |
    -----------------------------------------------------------------------
    | Port A                                                              |
    |     aspect ratio   | 16-word x 7-bit                     |          |
    |     weA            | connected to signal <GND>           | high     |
    |     addrA          | connected to signal <i_bcd>         |          |
    |     diA            | connected to signal <GND>           |          |
    |     doA            | connected to signal <o_7segment>    |          |
    -----------------------------------------------------------------------
Unit <BcdTo7Segment> synthesized (advanced).

Synthesizing (advanced) Unit <Counter>.
The following registers are absorbed into counter <r_counter>: 1 register on signal <r_counter>.
The following registers are absorbed into counter <r_select_2bit>: 1 register on signal <r_select_2bit>.
Unit <Counter> synthesized (advanced).

Synthesizing (advanced) Unit <Decoder>.
INFO:Xst:3218 - HDL ADVISOR - The RAM <Mram_o_output_4bit> will be implemented on LUTs either because you have described an asynchronous read or because of currently unsupported block RAM features. If you have described an asynchronous read, making it synchronous would allow you to take advantage of available block RAM resources, for optimized device usage and improved timings. Please refer to your documentation for coding guidelines.
    -----------------------------------------------------------------------
    | ram_type           | Distributed                         |          |
    -----------------------------------------------------------------------
    | Port A                                                              |
    |     aspect ratio   | 4-word x 4-bit                      |          |
    |     weA            | connected to signal <GND>           | high     |
    |     addrA          | connected to signal <i_input_2bit>  |          |
    |     diA            | connected to signal <GND>           |          |
    |     doA            | connected to signal <o_output_4bit> |          |
    -----------------------------------------------------------------------
Unit <Decoder> synthesized (advanced).

=========================================================================
Advanced HDL Synthesis Report

Macro Statistics
# RAMs                                                 : 2
 16x7-bit single-port distributed Read Only RAM        : 1
 4x4-bit single-port distributed Read Only RAM         : 1
# Counters                                             : 2
 16-bit up counter                                     : 1
 2-bit up counter                                      : 1
# Multiplexers                                         : 1
 4-bit 4-to-1 multiplexer                              : 1

=========================================================================

=========================================================================
*                         Low Level Synthesis                           *
=========================================================================

Optimizing unit <NumberTo7Segment> ...

Mapping all equations...
Building and optimizing final netlist ...
Found area constraint ratio of 100 (+ 5) on block NumberTo7Segment, actual ratio is 0.

Final Macro Processing ...

=========================================================================
Final Register Report

Macro Statistics
# Registers                                            : 18
 Flip-Flops                                            : 18

=========================================================================

=========================================================================
*                           Partition Report                            *
=========================================================================

Partition Implementation Status
-------------------------------

  No Partitions were found in this design.

-------------------------------

=========================================================================
*                            Design Summary                             *
=========================================================================

Top Level Output File Name         : NumberTo7Segment.ngc

Primitive and Black Box Usage:
------------------------------
# BELS                             : 86
#      GND                         : 1
#      INV                         : 1
#      LUT1                        : 15
#      LUT2                        : 21
#      LUT4                        : 7
#      LUT6                        : 9
#      MUXCY                       : 15
#      VCC                         : 1
#      XORCY                       : 16
# FlipFlops/Latches                : 18
#      FD                          : 16
#      FDE                         : 2
# Clock Buffers                    : 1
#      BUFGP                       : 1
# IO Buffers                       : 27
#      IBUF                        : 16
#      OBUF                        : 11

Device utilization summary:
---------------------------

Selected Device : 6slx9tqg144-2 


Slice Logic Utilization: 
 Number of Slice Registers:              18  out of  11440     0%  
 Number of Slice LUTs:                   53  out of   5720     0%  
    Number used as Logic:                53  out of   5720     0%  

Slice Logic Distribution: 
 Number of LUT Flip Flop pairs used:     53
   Number with an unused Flip Flop:      35  out of     53    66%  
   Number with an unused LUT:             0  out of     53     0%  
   Number of fully used LUT-FF pairs:    18  out of     53    33%  
   Number of unique control sets:         2

IO Utilization: 
 Number of IOs:                          28
 Number of bonded IOBs:                  28  out of    102    27%  

Specific Feature Utilization:
 Number of BUFG/BUFGCTRLs:                1  out of     16     6%  

---------------------------
Partition Resource Summary:
---------------------------

  No Partitions were found in this design.

---------------------------


=========================================================================
Timing Report

NOTE: THESE TIMING NUMBERS ARE ONLY A SYNTHESIS ESTIMATE.
      FOR ACCURATE TIMING INFORMATION PLEASE REFER TO THE TRACE REPORT
      GENERATED AFTER PLACE-and-ROUTE.

Clock Information:
------------------
-----------------------------------+------------------------+-------+
Clock Signal                       | Clock buffer(FF name)  | Load  |
-----------------------------------+------------------------+-------+
i_clk                              | BUFGP                  | 18    |
-----------------------------------+------------------------+-------+

Asynchronous Control Signals Information:
----------------------------------------
No asynchronous control signals found in this design

Timing Summary:
---------------
Speed Grade: -2

   Minimum period: 4.594ns (Maximum Frequency: 217.675MHz)
   Minimum input arrival time before clock: No path found
   Maximum output required time after clock: 7.275ns
   Maximum combinational path delay: 7.573ns

Timing Details:
---------------
All values displayed in nanoseconds (ns)

=========================================================================
Timing constraint: Default period analysis for Clock 'i_clk'
  Clock period: 4.594ns (frequency: 217.675MHz)
  Total number of paths / destination ports: 427 / 20
-------------------------------------------------------------------------
Delay:               4.594ns (Levels of Logic = 3)
  Source:            aCounter/r_counter_10 (FF)
  Destination:       aCounter/r_counter_0 (FF)
  Source Clock:      i_clk rising
  Destination Clock: i_clk rising

  Data Path: aCounter/r_counter_10 to aCounter/r_counter_0
                                Gate     Net
    Cell:in->out      fanout   Delay   Delay  Logical Name (Net Name)
    ----------------------------------------  ------------
     FD:C->Q               2   0.525   1.181  aCounter/r_counter_10 (aCounter/r_counter_10)
     LUT6:I0->O            3   0.254   0.874  aCounter/r_counter[15]_PWR_8_o_equal_3_o<15>4_SW0 (N4)
     LUT6:I4->O           16   0.250   1.182  aCounter/r_counter[15]_PWR_8_o_equal_3_o<15>4 (aCounter/r_counter[15]_PWR_8_o_equal_3_o)
     LUT2:I1->O            1   0.254   0.000  aCounter/r_counter_0_rstpot (aCounter/r_counter_0_rstpot)
     FD:D                      0.074          aCounter/r_counter_0
    ----------------------------------------
    Total                      4.594ns (1.357ns logic, 3.237ns route)
                                       (29.5% logic, 70.5% route)

=========================================================================
Timing constraint: Default OFFSET OUT AFTER for Clock 'i_clk'
  Total number of paths / destination ports: 64 / 11
-------------------------------------------------------------------------
Offset:              7.275ns (Levels of Logic = 3)
  Source:            aCounter/r_select_2bit_0 (FF)
  Destination:       o_7segment<6> (PAD)
  Source Clock:      i_clk rising

  Data Path: aCounter/r_select_2bit_0 to o_7segment<6>
                                Gate     Net
    Cell:in->out      fanout   Delay   Delay  Logical Name (Net Name)
    ----------------------------------------  ------------
     FDE:C->Q             10   0.525   1.463  aCounter/r_select_2bit_0 (aCounter/r_select_2bit_0)
     LUT6:I0->O            7   0.254   1.186  aMultiplexer16To4/Mmux_o_deta_bcd11 (r_deta_bcd<0>)
     LUT4:I0->O            1   0.254   0.681  aBcdTo7Segment/Mram_o_7segment41 (o_7segment_4_OBUF)
     OBUF:I->O                 2.912          o_7segment_4_OBUF (o_7segment<4>)
    ----------------------------------------
    Total                      7.275ns (3.945ns logic, 3.330ns route)
                                       (54.2% logic, 45.8% route)

=========================================================================
Timing constraint: Default path analysis
  Total number of paths / destination ports: 112 / 7
-------------------------------------------------------------------------
Delay:               7.573ns (Levels of Logic = 4)
  Source:            i_number<7> (PAD)
  Destination:       o_7segment<6> (PAD)

  Data Path: i_number<7> to o_7segment<6>
                                Gate     Net
    Cell:in->out      fanout   Delay   Delay  Logical Name (Net Name)
    ----------------------------------------  ------------
     IBUF:I->O             1   1.328   0.958  i_number_7_IBUF (i_number_7_IBUF)
     LUT6:I2->O            7   0.254   1.186  aMultiplexer16To4/Mmux_o_deta_bcd41 (r_deta_bcd<3>)
     LUT4:I0->O            1   0.254   0.681  aBcdTo7Segment/Mram_o_7segment21 (o_7segment_2_OBUF)
     OBUF:I->O                 2.912          o_7segment_2_OBUF (o_7segment<2>)
    ----------------------------------------
    Total                      7.573ns (4.748ns logic, 2.825ns route)
                                       (62.7% logic, 37.3% route)

=========================================================================

Cross Clock Domains Report:
--------------------------

Clock to Setup on destination clock i_clk
---------------+---------+---------+---------+---------+
               | Src:Rise| Src:Fall| Src:Rise| Src:Fall|
Source Clock   |Dest:Rise|Dest:Rise|Dest:Fall|Dest:Fall|
---------------+---------+---------+---------+---------+
i_clk          |    4.594|         |         |         |
---------------+---------+---------+---------+---------+

=========================================================================


Total REAL time to Xst completion: 35.00 secs
Total CPU time to Xst completion: 34.69 secs
 
--> 

Total memory usage is 4501132 kilobytes

Number of errors   :    0 (   0 filtered)
Number of warnings :    0 (   0 filtered)
Number of infos    :    2 (   0 filtered)

