Release 14.7 - xst P.20131013 (nt64)
Copyright (c) 1995-2013 Xilinx, Inc.  All rights reserved.
--> Parameter TMPDIR set to xst/projnav.tmp


Total REAL time to Xst completion: 0.00 secs
Total CPU time to Xst completion: 0.92 secs
 
--> Parameter xsthdpdir set to xst


Total REAL time to Xst completion: 0.00 secs
Total CPU time to Xst completion: 0.92 secs
 
--> Reading design: RX.prj

TABLE OF CONTENTS
  1) Synthesis Options Summary
  2) HDL Parsing
  3) HDL Elaboration
  4) HDL Synthesis
       4.1) HDL Synthesis Report
  5) Advanced HDL Synthesis
       5.1) Advanced HDL Synthesis Report
  6) Low Level Synthesis
  7) Partition Report
  8) Design Summary
       8.1) Primitive and Black Box Usage
       8.2) Device utilization summary
       8.3) Partition Resource Summary
       8.4) Timing Report
            8.4.1) Clock Information
            8.4.2) Asynchronous Control Signals Information
            8.4.3) Timing Summary
            8.4.4) Timing Details
            8.4.5) Cross Clock Domains Report


=========================================================================
*                      Synthesis Options Summary                        *
=========================================================================
---- Source Parameters
Input File Name                    : "RX.prj"
Ignore Synthesis Constraint File   : NO

---- Target Parameters
Output File Name                   : "RX"
Output Format                      : NGC
Target Device                      : xc6slx9-2-tqg144

---- Source Options
Top Module Name                    : RX
Automatic FSM Extraction           : YES
FSM Encoding Algorithm             : Auto
Safe Implementation                : No
FSM Style                          : LUT
RAM Extraction                     : Yes
RAM Style                          : Auto
ROM Extraction                     : Yes
Shift Register Extraction          : YES
ROM Style                          : Auto
Resource Sharing                   : YES
Asynchronous To Synchronous        : NO
Shift Register Minimum Size        : 2
Use DSP Block                      : Auto
Automatic Register Balancing       : No

---- Target Options
LUT Combining                      : Auto
Reduce Control Sets                : Auto
Add IO Buffers                     : YES
Global Maximum Fanout              : 100000
Add Generic Clock Buffer(BUFG)     : 16
Register Duplication               : YES
Optimize Instantiated Primitives   : NO
Use Clock Enable                   : Auto
Use Synchronous Set                : Auto
Use Synchronous Reset              : Auto
Pack IO Registers into IOBs        : Auto
Equivalent register Removal        : YES

---- General Options
Optimization Goal                  : Speed
Optimization Effort                : 1
Power Reduction                    : NO
Keep Hierarchy                     : No
Netlist Hierarchy                  : As_Optimized
RTL Output                         : Yes
Global Optimization                : AllClockNets
Read Cores                         : YES
Write Timing Constraints           : NO
Cross Clock Analysis               : NO
Hierarchy Separator                : /
Bus Delimiter                      : <>
Case Specifier                     : Maintain
Slice Utilization Ratio            : 100
BRAM Utilization Ratio             : 100
DSP48 Utilization Ratio            : 100
Auto BRAM Packing                  : NO
Slice Utilization Ratio Delta      : 5

=========================================================================


=========================================================================
*                          HDL Parsing                                  *
=========================================================================
Parsing VHDL file "E:\FileProject\ISE Project\Example\USART_RX\USART_RX\RX.vhd" into library work
Parsing entity <RX>.
Parsing architecture <Behavioral> of entity <rx>.

=========================================================================
*                            HDL Elaboration                            *
=========================================================================

Elaborating entity <RX> (architecture <Behavioral>) with generics from library <work>.

=========================================================================
*                           HDL Synthesis                               *
=========================================================================

Synthesizing Unit <RX>.
    Related source file is "E:\FileProject\ISE Project\Example\USART_RX\USART_RX\RX.vhd".
        g_clk_per_bit = 416
    Found 2-bit register for signal <r_stata>.
    Found 9-bit register for signal <r_counter>.
    Found 9-bit register for signal <r_buffer>.
    Found 4-bit register for signal <r_bit_counter>.
    Found 8-bit register for signal <o_parallel>.
    Found 1-bit register for signal <o_valid>.
    Found finite state machine <FSM_0> for signal <r_stata>.
    -----------------------------------------------------------------------
    | States             | 4                                              |
    | Transitions        | 8                                              |
    | Inputs             | 3                                              |
    | Outputs            | 3                                              |
    | Clock              | i_clk (rising_edge)                            |
    | Power Up State     | state_idl                                      |
    | Encoding           | auto                                           |
    | Implementation     | LUT                                            |
    -----------------------------------------------------------------------
    Found 9-bit adder for signal <r_counter[8]_GND_4_o_add_6_OUT> created at line 1241.
    Found 4-bit adder for signal <r_bit_counter[3]_GND_4_o_add_9_OUT> created at line 55.
    Summary:
	inferred   2 Adder/Subtractor(s).
	inferred  31 D-type flip-flop(s).
	inferred  12 Multiplexer(s).
	inferred   1 Finite State Machine(s).
Unit <RX> synthesized.

=========================================================================
HDL Synthesis Report

Macro Statistics
# Adders/Subtractors                                   : 2
 4-bit adder                                           : 1
 9-bit adder                                           : 1
# Registers                                            : 5
 1-bit register                                        : 1
 4-bit register                                        : 1
 8-bit register                                        : 1
 9-bit register                                        : 2
# Multiplexers                                         : 12
 1-bit 2-to-1 multiplexer                              : 9
 9-bit 2-to-1 multiplexer                              : 3
# FSMs                                                 : 1

=========================================================================

=========================================================================
*                       Advanced HDL Synthesis                          *
=========================================================================


Synthesizing (advanced) Unit <RX>.
The following registers are absorbed into counter <r_bit_counter>: 1 register on signal <r_bit_counter>.
Unit <RX> synthesized (advanced).
WARNING:Xst:2677 - Node <r_buffer_8> of sequential type is unconnected in block <RX>.

=========================================================================
Advanced HDL Synthesis Report

Macro Statistics
# Adders/Subtractors                                   : 1
 9-bit adder                                           : 1
# Counters                                             : 1
 4-bit up counter                                      : 1
# Registers                                            : 26
 Flip-Flops                                            : 26
# Multiplexers                                         : 11
 1-bit 2-to-1 multiplexer                              : 8
 9-bit 2-to-1 multiplexer                              : 3
# FSMs                                                 : 1

=========================================================================

=========================================================================
*                         Low Level Synthesis                           *
=========================================================================
Analyzing FSM <MFsm> for best encoding.
Optimizing FSM <FSM_0> on signal <r_stata[1:2]> with user encoding.
--------------------------------
 State              | Encoding
--------------------------------
 state_idl          | 00
 state_start_bit    | 01
 state_recieve_deta | 10
 state_clear        | 11
--------------------------------

Optimizing unit <RX> ...

Mapping all equations...
Building and optimizing final netlist ...
Found area constraint ratio of 100 (+ 5) on block RX, actual ratio is 0.
FlipFlop r_stata_FSM_FFd2 has been replicated 1 time(s)

Final Macro Processing ...

=========================================================================
Final Register Report

Macro Statistics
# Registers                                            : 33
 Flip-Flops                                            : 33

=========================================================================

=========================================================================
*                           Partition Report                            *
=========================================================================

Partition Implementation Status
-------------------------------

  No Partitions were found in this design.

-------------------------------

=========================================================================
*                            Design Summary                             *
=========================================================================

Top Level Output File Name         : RX.ngc

Primitive and Black Box Usage:
------------------------------
# BELS                             : 56
#      LUT2                        : 5
#      LUT3                        : 13
#      LUT4                        : 4
#      LUT5                        : 2
#      LUT6                        : 32
# FlipFlops/Latches                : 33
#      FD                          : 6
#      FDE                         : 23
#      FDRE                        : 4
# Clock Buffers                    : 1
#      BUFGP                       : 1
# IO Buffers                       : 10
#      IBUF                        : 1
#      OBUF                        : 9

Device utilization summary:
---------------------------

Selected Device : 6slx9tqg144-2 


Slice Logic Utilization: 
 Number of Slice Registers:              33  out of  11440     0%  
 Number of Slice LUTs:                   56  out of   5720     0%  
    Number used as Logic:                56  out of   5720     0%  

Slice Logic Distribution: 
 Number of LUT Flip Flop pairs used:     57
   Number with an unused Flip Flop:      24  out of     57    42%  
   Number with an unused LUT:             1  out of     57     1%  
   Number of fully used LUT-FF pairs:    32  out of     57    56%  
   Number of unique control sets:         5

IO Utilization: 
 Number of IOs:                          11
 Number of bonded IOBs:                  11  out of    102    10%  

Specific Feature Utilization:
 Number of BUFG/BUFGCTRLs:                1  out of     16     6%  

---------------------------
Partition Resource Summary:
---------------------------

  No Partitions were found in this design.

---------------------------


=========================================================================
Timing Report

NOTE: THESE TIMING NUMBERS ARE ONLY A SYNTHESIS ESTIMATE.
      FOR ACCURATE TIMING INFORMATION PLEASE REFER TO THE TRACE REPORT
      GENERATED AFTER PLACE-and-ROUTE.

Clock Information:
------------------
-----------------------------------+------------------------+-------+
Clock Signal                       | Clock buffer(FF name)  | Load  |
-----------------------------------+------------------------+-------+
i_clk                              | BUFGP                  | 33    |
-----------------------------------+------------------------+-------+

Asynchronous Control Signals Information:
----------------------------------------
No asynchronous control signals found in this design

Timing Summary:
---------------
Speed Grade: -2

   Minimum period: 3.595ns (Maximum Frequency: 278.164MHz)
   Minimum input arrival time before clock: 4.165ns
   Maximum output required time after clock: 4.162ns
   Maximum combinational path delay: No path found

Timing Details:
---------------
All values displayed in nanoseconds (ns)

=========================================================================
Timing constraint: Default period analysis for Clock 'i_clk'
  Clock period: 3.595ns (frequency: 278.164MHz)
  Total number of paths / destination ports: 376 / 64
-------------------------------------------------------------------------
Delay:               3.595ns (Levels of Logic = 2)
  Source:            r_counter_5 (FF)
  Destination:       r_buffer_0 (FF)
  Source Clock:      i_clk rising
  Destination Clock: i_clk rising

  Data Path: r_counter_5 to r_buffer_0
                                Gate     Net
    Cell:in->out      fanout   Delay   Delay  Logical Name (Net Name)
    ----------------------------------------  ------------
     FDE:C->Q              6   0.525   1.306  r_counter_5 (r_counter_5)
     LUT6:I1->O           16   0.254   1.182  r_counter[8]_GND_4_o_equal_3_o<8>11 (r_counter[8]_GND_4_o_equal_3_o<8>1)
     LUT6:I5->O            1   0.254   0.000  r_bit_counter_0_dpot (r_bit_counter_0_dpot)
     FDRE:D                    0.074          r_bit_counter_0
    ----------------------------------------
    Total                      3.595ns (1.107ns logic, 2.488ns route)
                                       (30.8% logic, 69.2% route)

=========================================================================
Timing constraint: Default OFFSET IN BEFORE for Clock 'i_clk'
  Total number of paths / destination ports: 13 / 11
-------------------------------------------------------------------------
Offset:              4.165ns (Levels of Logic = 3)
  Source:            i_rx (PAD)
  Destination:       r_stata_FSM_FFd2 (FF)
  Destination Clock: i_clk rising

  Data Path: i_rx to r_stata_FSM_FFd2
                                Gate     Net
    Cell:in->out      fanout   Delay   Delay  Logical Name (Net Name)
    ----------------------------------------  ------------
     IBUF:I->O            11   1.328   1.469  i_rx_IBUF (i_rx_IBUF)
     LUT5:I0->O            1   0.254   0.790  r_counter[8]_GND_4_o_equal_3_o<8>1_SW3 (N12)
     LUT6:I4->O            2   0.250   0.000  r_stata_FSM_FFd2-In (r_stata_FSM_FFd2-In)
     FD:D                      0.074          r_stata_FSM_FFd2
    ----------------------------------------
    Total                      4.165ns (1.906ns logic, 2.259ns route)
                                       (45.8% logic, 54.2% route)

=========================================================================
Timing constraint: Default OFFSET OUT AFTER for Clock 'i_clk'
  Total number of paths / destination ports: 9 / 9
-------------------------------------------------------------------------
Offset:              4.162ns (Levels of Logic = 1)
  Source:            o_parallel_7 (FF)
  Destination:       o_parallel<7> (PAD)
  Source Clock:      i_clk rising

  Data Path: o_parallel_7 to o_parallel<7>
                                Gate     Net
    Cell:in->out      fanout   Delay   Delay  Logical Name (Net Name)
    ----------------------------------------  ------------
     FDE:C->Q              2   0.525   0.725  o_parallel_7 (o_parallel_7)
     OBUF:I->O                 2.912          o_parallel_7_OBUF (o_parallel<7>)
    ----------------------------------------
    Total                      4.162ns (3.437ns logic, 0.725ns route)
                                       (82.6% logic, 17.4% route)

=========================================================================

Cross Clock Domains Report:
--------------------------

Clock to Setup on destination clock i_clk
---------------+---------+---------+---------+---------+
               | Src:Rise| Src:Fall| Src:Rise| Src:Fall|
Source Clock   |Dest:Rise|Dest:Rise|Dest:Fall|Dest:Fall|
---------------+---------+---------+---------+---------+
i_clk          |    3.595|         |         |         |
---------------+---------+---------+---------+---------+

=========================================================================


Total REAL time to Xst completion: 36.00 secs
Total CPU time to Xst completion: 35.97 secs
 
--> 

Total memory usage is 4516812 kilobytes

Number of errors   :    0 (   0 filtered)
Number of warnings :    1 (   0 filtered)
Number of infos    :    0 (   0 filtered)

