Release 14.7 - xst P.20131013 (nt64)
Copyright (c) 1995-2013 Xilinx, Inc.  All rights reserved.
--> Parameter TMPDIR set to xst/projnav.tmp


Total REAL time to Xst completion: 1.00 secs
Total CPU time to Xst completion: 0.89 secs
 
--> Parameter xsthdpdir set to xst


Total REAL time to Xst completion: 1.00 secs
Total CPU time to Xst completion: 0.89 secs
 
--> Reading design: USART_RX.prj

TABLE OF CONTENTS
  1) Synthesis Options Summary
  2) HDL Parsing
  3) HDL Elaboration
  4) HDL Synthesis
       4.1) HDL Synthesis Report
  5) Advanced HDL Synthesis
       5.1) Advanced HDL Synthesis Report
  6) Low Level Synthesis
  7) Partition Report
  8) Design Summary
       8.1) Primitive and Black Box Usage
       8.2) Device utilization summary
       8.3) Partition Resource Summary
       8.4) Timing Report
            8.4.1) Clock Information
            8.4.2) Asynchronous Control Signals Information
            8.4.3) Timing Summary
            8.4.4) Timing Details
            8.4.5) Cross Clock Domains Report


=========================================================================
*                      Synthesis Options Summary                        *
=========================================================================
---- Source Parameters
Input File Name                    : "USART_RX.prj"
Ignore Synthesis Constraint File   : NO

---- Target Parameters
Output File Name                   : "USART_RX"
Output Format                      : NGC
Target Device                      : xc6slx9-2-tqg144

---- Source Options
Top Module Name                    : USART_RX
Automatic FSM Extraction           : YES
FSM Encoding Algorithm             : Auto
Safe Implementation                : No
FSM Style                          : LUT
RAM Extraction                     : Yes
RAM Style                          : Auto
ROM Extraction                     : Yes
Shift Register Extraction          : YES
ROM Style                          : Auto
Resource Sharing                   : YES
Asynchronous To Synchronous        : NO
Shift Register Minimum Size        : 2
Use DSP Block                      : Auto
Automatic Register Balancing       : No

---- Target Options
LUT Combining                      : Auto
Reduce Control Sets                : Auto
Add IO Buffers                     : YES
Global Maximum Fanout              : 100000
Add Generic Clock Buffer(BUFG)     : 16
Register Duplication               : YES
Optimize Instantiated Primitives   : NO
Use Clock Enable                   : Auto
Use Synchronous Set                : Auto
Use Synchronous Reset              : Auto
Pack IO Registers into IOBs        : Auto
Equivalent register Removal        : YES

---- General Options
Optimization Goal                  : Speed
Optimization Effort                : 1
Power Reduction                    : NO
Keep Hierarchy                     : No
Netlist Hierarchy                  : As_Optimized
RTL Output                         : Yes
Global Optimization                : AllClockNets
Read Cores                         : YES
Write Timing Constraints           : NO
Cross Clock Analysis               : NO
Hierarchy Separator                : /
Bus Delimiter                      : <>
Case Specifier                     : Maintain
Slice Utilization Ratio            : 100
BRAM Utilization Ratio             : 100
DSP48 Utilization Ratio            : 100
Auto BRAM Packing                  : NO
Slice Utilization Ratio Delta      : 5

=========================================================================


=========================================================================
*                          HDL Parsing                                  *
=========================================================================
Parsing VHDL file "E:\FileProject\ISE Project\Example\USART_RX\USART_RX\Multiplexer16To4.vhd" into library work
Parsing entity <Multiplexer16To4>.
Parsing architecture <Behavioral> of entity <multiplexer16to4>.
Parsing VHDL file "E:\FileProject\ISE Project\Example\USART_RX\USART_RX\Decoder2To4.vhd" into library work
Parsing entity <Decoder>.
Parsing architecture <Behavioral> of entity <decoder>.
Parsing VHDL file "E:\FileProject\ISE Project\Example\USART_RX\USART_RX\Counter.vhd" into library work
Parsing entity <Counter>.
Parsing architecture <Behavioral> of entity <counter>.
Parsing VHDL file "E:\FileProject\ISE Project\Example\USART_RX\USART_RX\BcdTo7Segment.vhd" into library work
Parsing entity <BcdTo7Segment>.
Parsing architecture <Behavioral> of entity <bcdto7segment>.
Parsing VHDL file "E:\FileProject\ISE Project\Example\USART_RX\USART_RX\RX.vhd" into library work
Parsing entity <RX>.
Parsing architecture <Behavioral> of entity <rx>.
Parsing VHDL file "E:\FileProject\ISE Project\Example\USART_RX\USART_RX\NumberTo7Segment.vhd" into library work
Parsing entity <NumberTo7Segment>.
Parsing architecture <Behavioral> of entity <numberto7segment>.
Parsing VHDL file "E:\FileProject\ISE Project\Example\USART_RX\USART_RX\USART_RX.vhd" into library work
Parsing entity <USART_RX>.
Parsing architecture <Behavioral> of entity <usart_rx>.

=========================================================================
*                            HDL Elaboration                            *
=========================================================================

Elaborating entity <USART_RX> (architecture <Behavioral>) from library <work>.

Elaborating entity <RX> (architecture <Behavioral>) with generics from library <work>.

Elaborating entity <NumberTo7Segment> (architecture <Behavioral>) from library <work>.

Elaborating entity <BcdTo7Segment> (architecture <Behavioral>) from library <work>.
INFO:HDLCompiler:679 - "E:\FileProject\ISE Project\Example\USART_RX\USART_RX\BcdTo7Segment.vhd" Line 32. Case statement is complete. others clause is never selected

Elaborating entity <Multiplexer16To4> (architecture <Behavioral>) from library <work>.

Elaborating entity <Decoder> (architecture <Behavioral>) from library <work>.
INFO:HDLCompiler:679 - "E:\FileProject\ISE Project\Example\USART_RX\USART_RX\Decoder2To4.vhd" Line 19. Case statement is complete. others clause is never selected

Elaborating entity <Counter> (architecture <Behavioral>) from library <work>.

=========================================================================
*                           HDL Synthesis                               *
=========================================================================

Synthesizing Unit <USART_RX>.
    Related source file is "E:\FileProject\ISE Project\Example\USART_RX\USART_RX\USART_RX.vhd".
INFO:Xst:3210 - "E:\FileProject\ISE Project\Example\USART_RX\USART_RX\USART_RX.vhd" line 40: Output port <o_valid> of the instance <My_RX> is unconnected or connected to loadless signal.
    Summary:
	no macro.
Unit <USART_RX> synthesized.

Synthesizing Unit <RX>.
    Related source file is "E:\FileProject\ISE Project\Example\USART_RX\USART_RX\RX.vhd".
        g_clk_per_bit = 416
    Found 2-bit register for signal <r_stata>.
    Found 9-bit register for signal <r_counter>.
    Found 9-bit register for signal <r_buffer>.
    Found 4-bit register for signal <r_bit_counter>.
    Found 8-bit register for signal <o_parallel>.
    Found 1-bit register for signal <o_valid>.
    Found finite state machine <FSM_0> for signal <r_stata>.
    -----------------------------------------------------------------------
    | States             | 4                                              |
    | Transitions        | 8                                              |
    | Inputs             | 3                                              |
    | Outputs            | 3                                              |
    | Clock              | i_clk (rising_edge)                            |
    | Power Up State     | state_idl                                      |
    | Encoding           | auto                                           |
    | Implementation     | LUT                                            |
    -----------------------------------------------------------------------
    Found 9-bit adder for signal <r_counter[8]_GND_5_o_add_6_OUT> created at line 1241.
    Found 4-bit adder for signal <r_bit_counter[3]_GND_5_o_add_9_OUT> created at line 55.
    Summary:
	inferred   2 Adder/Subtractor(s).
	inferred  31 D-type flip-flop(s).
	inferred  12 Multiplexer(s).
	inferred   1 Finite State Machine(s).
Unit <RX> synthesized.

Synthesizing Unit <NumberTo7Segment>.
    Related source file is "E:\FileProject\ISE Project\Example\USART_RX\USART_RX\NumberTo7Segment.vhd".
    Summary:
	no macro.
Unit <NumberTo7Segment> synthesized.

Synthesizing Unit <BcdTo7Segment>.
    Related source file is "E:\FileProject\ISE Project\Example\USART_RX\USART_RX\BcdTo7Segment.vhd".
    Found 16x7-bit Read Only RAM for signal <o_7segment>
    Summary:
	inferred   1 RAM(s).
Unit <BcdTo7Segment> synthesized.

Synthesizing Unit <Multiplexer16To4>.
    Related source file is "E:\FileProject\ISE Project\Example\USART_RX\USART_RX\Multiplexer16To4.vhd".
    Found 4-bit 4-to-1 multiplexer for signal <o_deta_bcd> created at line 4.
    Summary:
	inferred   1 Multiplexer(s).
Unit <Multiplexer16To4> synthesized.

Synthesizing Unit <Decoder>.
    Related source file is "E:\FileProject\ISE Project\Example\USART_RX\USART_RX\Decoder2To4.vhd".
    Found 4x4-bit Read Only RAM for signal <o_output_4bit>
    Summary:
	inferred   1 RAM(s).
Unit <Decoder> synthesized.

Synthesizing Unit <Counter>.
    Related source file is "E:\FileProject\ISE Project\Example\USART_RX\USART_RX\Counter.vhd".
    Found 2-bit register for signal <r_select_2bit>.
    Found 16-bit register for signal <r_counter>.
    Found 16-bit adder for signal <r_counter[15]_GND_14_o_add_1_OUT> created at line 1241.
    Found 2-bit adder for signal <r_select_2bit[1]_GND_14_o_add_3_OUT> created at line 1241.
    Summary:
	inferred   2 Adder/Subtractor(s).
	inferred  18 D-type flip-flop(s).
Unit <Counter> synthesized.

=========================================================================
HDL Synthesis Report

Macro Statistics
# RAMs                                                 : 2
 16x7-bit single-port Read Only RAM                    : 1
 4x4-bit single-port Read Only RAM                     : 1
# Adders/Subtractors                                   : 4
 16-bit adder                                          : 1
 2-bit adder                                           : 1
 4-bit adder                                           : 1
 9-bit adder                                           : 1
# Registers                                            : 7
 1-bit register                                        : 1
 16-bit register                                       : 1
 2-bit register                                        : 1
 4-bit register                                        : 1
 8-bit register                                        : 1
 9-bit register                                        : 2
# Multiplexers                                         : 13
 1-bit 2-to-1 multiplexer                              : 9
 4-bit 4-to-1 multiplexer                              : 1
 9-bit 2-to-1 multiplexer                              : 3
# FSMs                                                 : 1

=========================================================================

=========================================================================
*                       Advanced HDL Synthesis                          *
=========================================================================


Synthesizing (advanced) Unit <BcdTo7Segment>.
INFO:Xst:3218 - HDL ADVISOR - The RAM <Mram_o_7segment> will be implemented on LUTs either because you have described an asynchronous read or because of currently unsupported block RAM features. If you have described an asynchronous read, making it synchronous would allow you to take advantage of available block RAM resources, for optimized device usage and improved timings. Please refer to your documentation for coding guidelines.
    -----------------------------------------------------------------------
    | ram_type           | Distributed                         |          |
    -----------------------------------------------------------------------
    | Port A                                                              |
    |     aspect ratio   | 16-word x 7-bit                     |          |
    |     weA            | connected to signal <GND>           | high     |
    |     addrA          | connected to signal <i_bcd>         |          |
    |     diA            | connected to signal <GND>           |          |
    |     doA            | connected to signal <o_7segment>    |          |
    -----------------------------------------------------------------------
Unit <BcdTo7Segment> synthesized (advanced).

Synthesizing (advanced) Unit <Counter>.
The following registers are absorbed into counter <r_counter>: 1 register on signal <r_counter>.
The following registers are absorbed into counter <r_select_2bit>: 1 register on signal <r_select_2bit>.
Unit <Counter> synthesized (advanced).

Synthesizing (advanced) Unit <Decoder>.
INFO:Xst:3218 - HDL ADVISOR - The RAM <Mram_o_output_4bit> will be implemented on LUTs either because you have described an asynchronous read or because of currently unsupported block RAM features. If you have described an asynchronous read, making it synchronous would allow you to take advantage of available block RAM resources, for optimized device usage and improved timings. Please refer to your documentation for coding guidelines.
    -----------------------------------------------------------------------
    | ram_type           | Distributed                         |          |
    -----------------------------------------------------------------------
    | Port A                                                              |
    |     aspect ratio   | 4-word x 4-bit                      |          |
    |     weA            | connected to signal <GND>           | high     |
    |     addrA          | connected to signal <i_input_2bit>  |          |
    |     diA            | connected to signal <GND>           |          |
    |     doA            | connected to signal <o_output_4bit> |          |
    -----------------------------------------------------------------------
Unit <Decoder> synthesized (advanced).

Synthesizing (advanced) Unit <RX>.
The following registers are absorbed into counter <r_bit_counter>: 1 register on signal <r_bit_counter>.
Unit <RX> synthesized (advanced).
WARNING:Xst:2677 - Node <r_buffer_8> of sequential type is unconnected in block <RX>.

=========================================================================
Advanced HDL Synthesis Report

Macro Statistics
# RAMs                                                 : 2
 16x7-bit single-port distributed Read Only RAM        : 1
 4x4-bit single-port distributed Read Only RAM         : 1
# Adders/Subtractors                                   : 1
 9-bit adder                                           : 1
# Counters                                             : 3
 16-bit up counter                                     : 1
 2-bit up counter                                      : 1
 4-bit up counter                                      : 1
# Registers                                            : 26
 Flip-Flops                                            : 26
# Multiplexers                                         : 12
 1-bit 2-to-1 multiplexer                              : 8
 4-bit 4-to-1 multiplexer                              : 1
 9-bit 2-to-1 multiplexer                              : 3
# FSMs                                                 : 1

=========================================================================

=========================================================================
*                         Low Level Synthesis                           *
=========================================================================
Analyzing FSM <MFsm> for best encoding.
Optimizing FSM <My_RX/FSM_0> on signal <r_stata[1:2]> with user encoding.
--------------------------------
 State              | Encoding
--------------------------------
 state_idl          | 00
 state_start_bit    | 01
 state_recieve_deta | 10
 state_clear        | 11
--------------------------------

Optimizing unit <USART_RX> ...

Optimizing unit <RX> ...
WARNING:Xst:2677 - Node <My_RX/o_valid> of sequential type is unconnected in block <USART_RX>.

Mapping all equations...
Building and optimizing final netlist ...
Found area constraint ratio of 100 (+ 5) on block USART_RX, actual ratio is 1.

Final Macro Processing ...

=========================================================================
Final Register Report

Macro Statistics
# Registers                                            : 49
 Flip-Flops                                            : 49

=========================================================================

=========================================================================
*                           Partition Report                            *
=========================================================================

Partition Implementation Status
-------------------------------

  No Partitions were found in this design.

-------------------------------

=========================================================================
*                            Design Summary                             *
=========================================================================

Top Level Output File Name         : USART_RX.ngc

Primitive and Black Box Usage:
------------------------------
# BELS                             : 132
#      GND                         : 1
#      INV                         : 2
#      LUT1                        : 15
#      LUT2                        : 27
#      LUT3                        : 13
#      LUT4                        : 14
#      LUT5                        : 4
#      LUT6                        : 24
#      MUXCY                       : 15
#      VCC                         : 1
#      XORCY                       : 16
# FlipFlops/Latches                : 49
#      FD                          : 18
#      FDE                         : 27
#      FDRE                        : 4
# Clock Buffers                    : 1
#      BUFGP                       : 1
# IO Buffers                       : 12
#      IBUF                        : 1
#      OBUF                        : 11

Device utilization summary:
---------------------------

Selected Device : 6slx9tqg144-2 


Slice Logic Utilization: 
 Number of Slice Registers:              49  out of  11440     0%  
 Number of Slice LUTs:                   99  out of   5720     1%  
    Number used as Logic:                99  out of   5720     1%  

Slice Logic Distribution: 
 Number of LUT Flip Flop pairs used:    107
   Number with an unused Flip Flop:      58  out of    107    54%  
   Number with an unused LUT:             8  out of    107     7%  
   Number of fully used LUT-FF pairs:    41  out of    107    38%  
   Number of unique control sets:         6

IO Utilization: 
 Number of IOs:                          13
 Number of bonded IOBs:                  13  out of    102    12%  

Specific Feature Utilization:
 Number of BUFG/BUFGCTRLs:                1  out of     16     6%  

---------------------------
Partition Resource Summary:
---------------------------

  No Partitions were found in this design.

---------------------------


=========================================================================
Timing Report

NOTE: THESE TIMING NUMBERS ARE ONLY A SYNTHESIS ESTIMATE.
      FOR ACCURATE TIMING INFORMATION PLEASE REFER TO THE TRACE REPORT
      GENERATED AFTER PLACE-and-ROUTE.

Clock Information:
------------------
-----------------------------------+------------------------+-------+
Clock Signal                       | Clock buffer(FF name)  | Load  |
-----------------------------------+------------------------+-------+
i_clk                              | BUFGP                  | 49    |
-----------------------------------+------------------------+-------+

Asynchronous Control Signals Information:
----------------------------------------
No asynchronous control signals found in this design

Timing Summary:
---------------
Speed Grade: -2

   Minimum period: 4.594ns (Maximum Frequency: 217.675MHz)
   Minimum input arrival time before clock: 4.061ns
   Maximum output required time after clock: 7.064ns
   Maximum combinational path delay: No path found

Timing Details:
---------------
All values displayed in nanoseconds (ns)

=========================================================================
Timing constraint: Default period analysis for Clock 'i_clk'
  Clock period: 4.594ns (frequency: 217.675MHz)
  Total number of paths / destination ports: 791 / 84
-------------------------------------------------------------------------
Delay:               4.594ns (Levels of Logic = 3)
  Source:            My_NumberTo7Segment/aCounter/r_counter_10 (FF)
  Destination:       My_NumberTo7Segment/aCounter/r_counter_0 (FF)
  Source Clock:      i_clk rising
  Destination Clock: i_clk rising

  Data Path: My_NumberTo7Segment/aCounter/r_counter_10 to My_NumberTo7Segment/aCounter/r_counter_0
                                Gate     Net
    Cell:in->out      fanout   Delay   Delay  Logical Name (Net Name)
    ----------------------------------------  ------------
     FD:C->Q               2   0.525   1.181  My_NumberTo7Segment/aCounter/r_counter_10 (My_NumberTo7Segment/aCounter/r_counter_10)
     LUT6:I0->O            3   0.254   0.874  My_NumberTo7Segment/aCounter/r_counter[15]_PWR_11_o_equal_3_o<15>4_SW0 (N31)
     LUT6:I4->O           16   0.250   1.182  My_NumberTo7Segment/aCounter/r_counter[15]_PWR_11_o_equal_3_o<15>4 (My_NumberTo7Segment/aCounter/r_counter[15]_PWR_11_o_equal_3_o)
     LUT2:I1->O            1   0.254   0.000  My_NumberTo7Segment/aCounter/r_counter_0_rstpot (My_NumberTo7Segment/aCounter/r_counter_0_rstpot)
     FD:D                      0.074          My_NumberTo7Segment/aCounter/r_counter_0
    ----------------------------------------
    Total                      4.594ns (1.357ns logic, 3.237ns route)
                                       (29.5% logic, 70.5% route)

=========================================================================
Timing constraint: Default OFFSET IN BEFORE for Clock 'i_clk'
  Total number of paths / destination ports: 11 / 10
-------------------------------------------------------------------------
Offset:              4.061ns (Levels of Logic = 3)
  Source:            i_rx (PAD)
  Destination:       My_RX/r_stata_FSM_FFd2 (FF)
  Destination Clock: i_clk rising

  Data Path: i_rx to My_RX/r_stata_FSM_FFd2
                                Gate     Net
    Cell:in->out      fanout   Delay   Delay  Logical Name (Net Name)
    ----------------------------------------  ------------
     IBUF:I->O            11   1.328   1.039  i_rx_IBUF (i_rx_IBUF)
     LUT2:I1->O            1   0.254   1.112  My_RX/r_counter[8]_GND_5_o_equal_3_o<8>2_SW1 (N10)
     LUT6:I1->O            1   0.254   0.000  My_RX/r_stata_FSM_FFd2-In (My_RX/r_stata_FSM_FFd2-In)
     FD:D                      0.074          My_RX/r_stata_FSM_FFd2
    ----------------------------------------
    Total                      4.061ns (1.910ns logic, 2.151ns route)
                                       (47.0% logic, 53.0% route)

=========================================================================
Timing constraint: Default OFFSET OUT AFTER for Clock 'i_clk'
  Total number of paths / destination ports: 120 / 11
-------------------------------------------------------------------------
Offset:              7.064ns (Levels of Logic = 3)
  Source:            My_NumberTo7Segment/aCounter/r_select_2bit_1 (FF)
  Destination:       o_7segment<6> (PAD)
  Source Clock:      i_clk rising

  Data Path: My_NumberTo7Segment/aCounter/r_select_2bit_1 to o_7segment<6>
                                Gate     Net
    Cell:in->out      fanout   Delay   Delay  Logical Name (Net Name)
    ----------------------------------------  ------------
     FDE:C->Q              9   0.525   1.252  My_NumberTo7Segment/aCounter/r_select_2bit_1 (My_NumberTo7Segment/aCounter/r_select_2bit_1)
     LUT4:I0->O            7   0.254   1.186  My_NumberTo7Segment/aMultiplexer16To4/Mmux_o_deta_bcd41 (My_NumberTo7Segment/r_deta_bcd<3>)
     LUT4:I0->O            1   0.254   0.681  My_NumberTo7Segment/aBcdTo7Segment/Mram_o_7segment21 (o_7segment_2_OBUF)
     OBUF:I->O                 2.912          o_7segment_2_OBUF (o_7segment<2>)
    ----------------------------------------
    Total                      7.064ns (3.945ns logic, 3.119ns route)
                                       (55.8% logic, 44.2% route)

=========================================================================

Cross Clock Domains Report:
--------------------------

Clock to Setup on destination clock i_clk
---------------+---------+---------+---------+---------+
               | Src:Rise| Src:Fall| Src:Rise| Src:Fall|
Source Clock   |Dest:Rise|Dest:Rise|Dest:Fall|Dest:Fall|
---------------+---------+---------+---------+---------+
i_clk          |    4.594|         |         |         |
---------------+---------+---------+---------+---------+

=========================================================================


Total REAL time to Xst completion: 37.00 secs
Total CPU time to Xst completion: 36.73 secs
 
--> 

Total memory usage is 4533004 kilobytes

Number of errors   :    0 (   0 filtered)
Number of warnings :    2 (   0 filtered)
Number of infos    :    3 (   0 filtered)

